2022-03-01 13:02:28 startup archives unpack
2022-03-01 13:02:28 install libapr1:amd64 <none> 1.7.0-6+deb11u1
2022-03-01 13:02:28 status triggers-pending libc-bin:amd64 2.31-13+deb11u2
2022-03-01 13:02:28 status half-installed libapr1:amd64 1.7.0-6+deb11u1
2022-03-01 13:02:28 status unpacked libapr1:amd64 1.7.0-6+deb11u1
2022-03-01 13:02:28 install libexpat1:amd64 <none> 2.2.10-2+deb11u2
2022-03-01 13:02:28 status half-installed libexpat1:amd64 2.2.10-2+deb11u2
2022-03-01 13:02:28 status unpacked libexpat1:amd64 2.2.10-2+deb11u2
2022-03-01 13:02:28 install libgdbm6:amd64 <none> 1.19-2
2022-03-01 13:02:28 status half-installed libgdbm6:amd64 1.19-2
2022-03-01 13:02:28 status unpacked libgdbm6:amd64 1.19-2
2022-03-01 13:02:28 install libaprutil1:amd64 <none> 1.6.1-5
2022-03-01 13:02:28 status half-installed libaprutil1:amd64 1.6.1-5
2022-03-01 13:02:28 status unpacked libaprutil1:amd64 1.6.1-5
2022-03-01 13:02:28 install libsasl2-modules-db:amd64 <none> 2.1.27+dfsg-2.1+deb11u1
2022-03-01 13:02:28 status half-installed libsasl2-modules-db:amd64 2.1.27+dfsg-2.1+deb11u1
2022-03-01 13:02:28 status unpacked libsasl2-modules-db:amd64 2.1.27+dfsg-2.1+deb11u1
2022-03-01 13:02:28 install libsasl2-2:amd64 <none> 2.1.27+dfsg-2.1+deb11u1
2022-03-01 13:02:28 status half-installed libsasl2-2:amd64 2.1.27+dfsg-2.1+deb11u1
2022-03-01 13:02:28 status unpacked libsasl2-2:amd64 2.1.27+dfsg-2.1+deb11u1
2022-03-01 13:02:29 install libldap-2.4-2:amd64 <none> 2.4.57+dfsg-3
2022-03-01 13:02:29 status half-installed libldap-2.4-2:amd64 2.4.57+dfsg-3
2022-03-01 13:02:29 status unpacked libldap-2.4-2:amd64 2.4.57+dfsg-3
2022-03-01 13:02:29 install libaprutil1-ldap:amd64 <none> 1.6.1-5
2022-03-01 13:02:29 status half-installed libaprutil1-ldap:amd64 1.6.1-5
2022-03-01 13:02:29 status unpacked libaprutil1-ldap:amd64 1.6.1-5
2022-03-01 13:02:29 install libldap-common:all <none> 2.4.57+dfsg-3
2022-03-01 13:02:29 status half-installed libldap-common:all 2.4.57+dfsg-3
2022-03-01 13:02:29 status unpacked libldap-common:all 2.4.57+dfsg-3
2022-03-01 13:02:29 startup packages configure
2022-03-01 13:02:29 configure libexpat1:amd64 2.2.10-2+deb11u2 <none>
2022-03-01 13:02:29 status unpacked libexpat1:amd64 2.2.10-2+deb11u2
2022-03-01 13:02:29 status half-configured libexpat1:amd64 2.2.10-2+deb11u2
2022-03-01 13:02:29 status installed libexpat1:amd64 2.2.10-2+deb11u2
2022-03-01 13:02:29 configure libapr1:amd64 1.7.0-6+deb11u1 <none>
2022-03-01 13:02:29 status unpacked libapr1:amd64 1.7.0-6+deb11u1
2022-03-01 13:02:29 status half-configured libapr1:amd64 1.7.0-6+deb11u1
2022-03-01 13:02:29 status installed libapr1:amd64 1.7.0-6+deb11u1
2022-03-01 13:02:29 configure libldap-common:all 2.4.57+dfsg-3 <none>
2022-03-01 13:02:29 status unpacked libldap-common:all 2.4.57+dfsg-3
2022-03-01 13:02:29 status half-configured libldap-common:all 2.4.57+dfsg-3
2022-03-01 13:02:29 status installed libldap-common:all 2.4.57+dfsg-3
2022-03-01 13:02:29 configure libsasl2-modules-db:amd64 2.1.27+dfsg-2.1+deb11u1 <none>
2022-03-01 13:02:29 status unpacked libsasl2-modules-db:amd64 2.1.27+dfsg-2.1+deb11u1
2022-03-01 13:02:29 status half-configured libsasl2-modules-db:amd64 2.1.27+dfsg-2.1+deb11u1
2022-03-01 13:02:29 status installed libsasl2-modules-db:amd64 2.1.27+dfsg-2.1+deb11u1
2022-03-01 13:02:29 configure libsasl2-2:amd64 2.1.27+dfsg-2.1+deb11u1 <none>
2022-03-01 13:02:29 status unpacked libsasl2-2:amd64 2.1.27+dfsg-2.1+deb11u1
2022-03-01 13:02:29 status half-configured libsasl2-2:amd64 2.1.27+dfsg-2.1+deb11u1
2022-03-01 13:02:29 status installed libsasl2-2:amd64 2.1.27+dfsg-2.1+deb11u1
2022-03-01 13:02:29 configure libgdbm6:amd64 1.19-2 <none>
2022-03-01 13:02:29 status unpacked libgdbm6:amd64 1.19-2
2022-03-01 13:02:29 status half-configured libgdbm6:amd64 1.19-2
2022-03-01 13:02:29 status installed libgdbm6:amd64 1.19-2
2022-03-01 13:02:29 configure libaprutil1:amd64 1.6.1-5 <none>
2022-03-01 13:02:29 status unpacked libaprutil1:amd64 1.6.1-5
2022-03-01 13:02:29 status half-configured libaprutil1:amd64 1.6.1-5
2022-03-01 13:02:29 status installed libaprutil1:amd64 1.6.1-5
2022-03-01 13:02:29 configure libldap-2.4-2:amd64 2.4.57+dfsg-3 <none>
2022-03-01 13:02:29 status unpacked libldap-2.4-2:amd64 2.4.57+dfsg-3
2022-03-01 13:02:29 status half-configured libldap-2.4-2:amd64 2.4.57+dfsg-3
2022-03-01 13:02:29 status installed libldap-2.4-2:amd64 2.4.57+dfsg-3
2022-03-01 13:02:29 configure libaprutil1-ldap:amd64 1.6.1-5 <none>
2022-03-01 13:02:29 status unpacked libaprutil1-ldap:amd64 1.6.1-5
2022-03-01 13:02:29 status half-configured libaprutil1-ldap:amd64 1.6.1-5
2022-03-01 13:02:29 status installed libaprutil1-ldap:amd64 1.6.1-5
2022-03-01 13:02:29 trigproc libc-bin:amd64 2.31-13+deb11u2 <none>
2022-03-01 13:02:29 status half-configured libc-bin:amd64 2.31-13+deb11u2
2022-03-01 13:02:29 status installed libc-bin:amd64 2.31-13+deb11u2
2022-03-14 19:06:43 startup archives unpack
2022-03-14 19:06:43 install perl-modules-5.32:all <none> 5.32.1-4+deb11u2
2022-03-14 19:06:43 status half-installed perl-modules-5.32:all 5.32.1-4+deb11u2
2022-03-14 19:06:43 status unpacked perl-modules-5.32:all 5.32.1-4+deb11u2
2022-03-14 19:06:43 install libgdbm-compat4:amd64 <none> 1.19-2
2022-03-14 19:06:43 status triggers-pending libc-bin:amd64 2.31-13+deb11u2
2022-03-14 19:06:43 status half-installed libgdbm-compat4:amd64 1.19-2
2022-03-14 19:06:43 status unpacked libgdbm-compat4:amd64 1.19-2
2022-03-14 19:06:43 install libperl5.32:amd64 <none> 5.32.1-4+deb11u2
2022-03-14 19:06:43 status half-installed libperl5.32:amd64 5.32.1-4+deb11u2
2022-03-14 19:06:43 status unpacked libperl5.32:amd64 5.32.1-4+deb11u2
2022-03-14 19:06:43 install perl:amd64 <none> 5.32.1-4+deb11u2
2022-03-14 19:06:43 status half-installed perl:amd64 5.32.1-4+deb11u2
2022-03-14 19:06:43 status unpacked perl:amd64 5.32.1-4+deb11u2
2022-03-14 19:06:44 install libpython3.9-minimal:amd64 <none> 3.9.2-1
2022-03-14 19:06:44 status half-installed libpython3.9-minimal:amd64 3.9.2-1
2022-03-14 19:06:44 status unpacked libpython3.9-minimal:amd64 3.9.2-1
2022-03-14 19:06:44 upgrade libexpat1:amd64 2.2.10-2+deb11u2 2.2.10-2+deb11u3
2022-03-14 19:06:44 status half-configured libexpat1:amd64 2.2.10-2+deb11u2
2022-03-14 19:06:44 status unpacked libexpat1:amd64 2.2.10-2+deb11u2
2022-03-14 19:06:44 status half-installed libexpat1:amd64 2.2.10-2+deb11u2
2022-03-14 19:06:44 status unpacked libexpat1:amd64 2.2.10-2+deb11u3
2022-03-14 19:06:44 install python3.9-minimal:amd64 <none> 3.9.2-1
2022-03-14 19:06:44 status half-installed python3.9-minimal:amd64 3.9.2-1
2022-03-14 19:06:44 status unpacked python3.9-minimal:amd64 3.9.2-1
2022-03-14 19:06:44 startup packages configure
2022-03-14 19:06:44 configure libpython3.9-minimal:amd64 3.9.2-1 <none>
2022-03-14 19:06:44 status unpacked libpython3.9-minimal:amd64 3.9.2-1
2022-03-14 19:06:44 status half-configured libpython3.9-minimal:amd64 3.9.2-1
2022-03-14 19:06:44 status installed libpython3.9-minimal:amd64 3.9.2-1
2022-03-14 19:06:44 configure libexpat1:amd64 2.2.10-2+deb11u3 <none>
2022-03-14 19:06:44 status unpacked libexpat1:amd64 2.2.10-2+deb11u3
2022-03-14 19:06:44 status half-configured libexpat1:amd64 2.2.10-2+deb11u3
2022-03-14 19:06:44 status installed libexpat1:amd64 2.2.10-2+deb11u3
2022-03-14 19:06:44 configure python3.9-minimal:amd64 3.9.2-1 <none>
2022-03-14 19:06:44 status unpacked python3.9-minimal:amd64 3.9.2-1
2022-03-14 19:06:44 status half-configured python3.9-minimal:amd64 3.9.2-1
2022-03-14 19:06:44 status installed python3.9-minimal:amd64 3.9.2-1
2022-03-14 19:06:44 startup archives unpack
2022-03-14 19:06:45 install python3-minimal:amd64 <none> 3.9.2-3
2022-03-14 19:06:45 status half-installed python3-minimal:amd64 3.9.2-3
2022-03-14 19:06:45 status unpacked python3-minimal:amd64 3.9.2-3
2022-03-14 19:06:45 install media-types:all <none> 4.0.0
2022-03-14 19:06:45 status half-installed media-types:all 4.0.0
2022-03-14 19:06:45 status unpacked media-types:all 4.0.0
2022-03-14 19:06:45 install libmpdec3:amd64 <none> 2.5.1-1
2022-03-14 19:06:45 status half-installed libmpdec3:amd64 2.5.1-1
2022-03-14 19:06:45 status unpacked libmpdec3:amd64 2.5.1-1
2022-03-14 19:06:45 install libncursesw6:amd64 <none> 6.2+20201114-2
2022-03-14 19:06:45 status half-installed libncursesw6:amd64 6.2+20201114-2
2022-03-14 19:06:45 status unpacked libncursesw6:amd64 6.2+20201114-2
2022-03-14 19:06:45 install readline-common:all <none> 8.1-1
2022-03-14 19:06:45 status half-installed readline-common:all 8.1-1
2022-03-14 19:06:45 status unpacked readline-common:all 8.1-1
2022-03-14 19:06:45 install libreadline8:amd64 <none> 8.1-1
2022-03-14 19:06:45 status half-installed libreadline8:amd64 8.1-1
2022-03-14 19:06:45 status unpacked libreadline8:amd64 8.1-1
2022-03-14 19:06:45 install libsqlite3-0:amd64 <none> 3.34.1-3
2022-03-14 19:06:45 status half-installed libsqlite3-0:amd64 3.34.1-3
2022-03-14 19:06:45 status unpacked libsqlite3-0:amd64 3.34.1-3
2022-03-14 19:06:45 install libpython3.9-stdlib:amd64 <none> 3.9.2-1
2022-03-14 19:06:45 status half-installed libpython3.9-stdlib:amd64 3.9.2-1
2022-03-14 19:06:45 status unpacked libpython3.9-stdlib:amd64 3.9.2-1
2022-03-14 19:06:45 install python3.9:amd64 <none> 3.9.2-1
2022-03-14 19:06:45 status half-installed python3.9:amd64 3.9.2-1
2022-03-14 19:06:45 status unpacked python3.9:amd64 3.9.2-1
2022-03-14 19:06:45 install libpython3-stdlib:amd64 <none> 3.9.2-3
2022-03-14 19:06:45 status half-installed libpython3-stdlib:amd64 3.9.2-3
2022-03-14 19:06:45 status unpacked libpython3-stdlib:amd64 3.9.2-3
2022-03-14 19:06:45 startup packages configure
2022-03-14 19:06:45 configure python3-minimal:amd64 3.9.2-3 <none>
2022-03-14 19:06:45 status unpacked python3-minimal:amd64 3.9.2-3
2022-03-14 19:06:45 status half-configured python3-minimal:amd64 3.9.2-3
2022-03-14 19:06:45 status installed python3-minimal:amd64 3.9.2-3
2022-03-14 19:06:45 startup archives unpack
2022-03-14 19:06:45 install python3:amd64 <none> 3.9.2-3
2022-03-14 19:06:45 status half-installed python3:amd64 3.9.2-3
2022-03-14 19:06:45 status unpacked python3:amd64 3.9.2-3
2022-03-14 19:06:45 install bzip2:amd64 <none> 1.0.8-4
2022-03-14 19:06:45 status half-installed bzip2:amd64 1.0.8-4
2022-03-14 19:06:45 status unpacked bzip2:amd64 1.0.8-4
2022-03-14 19:06:45 install openssl:amd64 <none> 1.1.1k-1+deb11u1
2022-03-14 19:06:45 status half-installed openssl:amd64 1.1.1k-1+deb11u1
2022-03-14 19:06:45 status unpacked openssl:amd64 1.1.1k-1+deb11u1
2022-03-14 19:06:45 install ca-certificates:all <none> 20210119
2022-03-14 19:06:45 status half-installed ca-certificates:all 20210119
2022-03-14 19:06:45 status unpacked ca-certificates:all 20210119
2022-03-14 19:06:45 install libpsl5:amd64 <none> 0.21.0-1.2
2022-03-14 19:06:45 status half-installed libpsl5:amd64 0.21.0-1.2
2022-03-14 19:06:45 status unpacked libpsl5:amd64 0.21.0-1.2
2022-03-14 19:06:46 install wget:amd64 <none> 1.21-1+deb11u1
2022-03-14 19:06:46 status half-installed wget:amd64 1.21-1+deb11u1
2022-03-14 19:06:46 status unpacked wget:amd64 1.21-1+deb11u1
2022-03-14 19:06:46 install xz-utils:amd64 <none> 5.2.5-2
2022-03-14 19:06:46 status half-installed xz-utils:amd64 5.2.5-2
2022-03-14 19:06:46 status unpacked xz-utils:amd64 5.2.5-2
2022-03-14 19:06:46 install binutils-common:amd64 <none> 2.35.2-2
2022-03-14 19:06:46 status half-installed binutils-common:amd64 2.35.2-2
2022-03-14 19:06:46 status unpacked binutils-common:amd64 2.35.2-2
2022-03-14 19:06:46 install libbinutils:amd64 <none> 2.35.2-2
2022-03-14 19:06:46 status half-installed libbinutils:amd64 2.35.2-2
2022-03-14 19:06:46 status unpacked libbinutils:amd64 2.35.2-2
2022-03-14 19:06:46 install libctf-nobfd0:amd64 <none> 2.35.2-2
2022-03-14 19:06:46 status half-installed libctf-nobfd0:amd64 2.35.2-2
2022-03-14 19:06:46 status unpacked libctf-nobfd0:amd64 2.35.2-2
2022-03-14 19:06:46 install libctf0:amd64 <none> 2.35.2-2
2022-03-14 19:06:46 status half-installed libctf0:amd64 2.35.2-2
2022-03-14 19:06:46 status unpacked libctf0:amd64 2.35.2-2
2022-03-14 19:06:46 install binutils-x86-64-linux-gnu:amd64 <none> 2.35.2-2
2022-03-14 19:06:46 status half-installed binutils-x86-64-linux-gnu:amd64 2.35.2-2
2022-03-14 19:06:46 status unpacked binutils-x86-64-linux-gnu:amd64 2.35.2-2
2022-03-14 19:06:46 install binutils:amd64 <none> 2.35.2-2
2022-03-14 19:06:46 status half-installed binutils:amd64 2.35.2-2
2022-03-14 19:06:46 status unpacked binutils:amd64 2.35.2-2
2022-03-14 19:06:46 install libisl23:amd64 <none> 0.23-1
2022-03-14 19:06:46 status half-installed libisl23:amd64 0.23-1
2022-03-14 19:06:46 status unpacked libisl23:amd64 0.23-1
2022-03-14 19:06:46 install libmpfr6:amd64 <none> 4.1.0-3
2022-03-14 19:06:46 status half-installed libmpfr6:amd64 4.1.0-3
2022-03-14 19:06:47 status unpacked libmpfr6:amd64 4.1.0-3
2022-03-14 19:06:47 install libmpc3:amd64 <none> 1.2.0-1
2022-03-14 19:06:47 status half-installed libmpc3:amd64 1.2.0-1
2022-03-14 19:06:47 status unpacked libmpc3:amd64 1.2.0-1
2022-03-14 19:06:47 install cpp-10:amd64 <none> 10.2.1-6
2022-03-14 19:06:47 status half-installed cpp-10:amd64 10.2.1-6
2022-03-14 19:06:47 status unpacked cpp-10:amd64 10.2.1-6
2022-03-14 19:06:47 install cpp:amd64 <none> 4:10.2.1-1
2022-03-14 19:06:47 status half-installed cpp:amd64 4:10.2.1-1
2022-03-14 19:06:47 status unpacked cpp:amd64 4:10.2.1-1
2022-03-14 19:06:47 install libassuan0:amd64 <none> 2.5.3-7.1
2022-03-14 19:06:47 status half-installed libassuan0:amd64 2.5.3-7.1
2022-03-14 19:06:47 status unpacked libassuan0:amd64 2.5.3-7.1
2022-03-14 19:06:47 install gpgconf:amd64 <none> 2.2.27-2
2022-03-14 19:06:47 status half-installed gpgconf:amd64 2.2.27-2
2022-03-14 19:06:47 status unpacked gpgconf:amd64 2.2.27-2
2022-03-14 19:06:47 install libksba8:amd64 <none> 1.5.0-3
2022-03-14 19:06:47 status half-installed libksba8:amd64 1.5.0-3
2022-03-14 19:06:47 status unpacked libksba8:amd64 1.5.0-3
2022-03-14 19:06:48 install libnpth0:amd64 <none> 1.6-3
2022-03-14 19:06:48 status half-installed libnpth0:amd64 1.6-3
2022-03-14 19:06:48 status unpacked libnpth0:amd64 1.6-3
2022-03-14 19:06:48 install dirmngr:amd64 <none> 2.2.27-2
2022-03-14 19:06:48 status half-installed dirmngr:amd64 2.2.27-2
2022-03-14 19:06:48 status unpacked dirmngr:amd64 2.2.27-2
2022-03-14 19:06:48 install libdpkg-perl:all <none> 1.20.9
2022-03-14 19:06:48 status half-installed libdpkg-perl:all 1.20.9
2022-03-14 19:06:48 status unpacked libdpkg-perl:all 1.20.9
2022-03-14 19:06:48 install patch:amd64 <none> 2.7.6-7
2022-03-14 19:06:48 status half-installed patch:amd64 2.7.6-7
2022-03-14 19:06:48 status unpacked patch:amd64 2.7.6-7
2022-03-14 19:06:48 install make:amd64 <none> 4.3-4.1
2022-03-14 19:06:48 status half-installed make:amd64 4.3-4.1
2022-03-14 19:06:48 status unpacked make:amd64 4.3-4.1
2022-03-14 19:06:48 install dpkg-dev:all <none> 1.20.9
2022-03-14 19:06:48 status half-installed dpkg-dev:all 1.20.9
2022-03-14 19:06:48 status unpacked dpkg-dev:all 1.20.9
2022-03-14 19:06:48 install libcc1-0:amd64 <none> 10.2.1-6
2022-03-14 19:06:48 status half-installed libcc1-0:amd64 10.2.1-6
2022-03-14 19:06:48 status unpacked libcc1-0:amd64 10.2.1-6
2022-03-14 19:06:48 install libgomp1:amd64 <none> 10.2.1-6
2022-03-14 19:06:48 status half-installed libgomp1:amd64 10.2.1-6
2022-03-14 19:06:48 status unpacked libgomp1:amd64 10.2.1-6
2022-03-14 19:06:48 install libitm1:amd64 <none> 10.2.1-6
2022-03-14 19:06:48 status half-installed libitm1:amd64 10.2.1-6
2022-03-14 19:06:48 status unpacked libitm1:amd64 10.2.1-6
2022-03-14 19:06:48 install libatomic1:amd64 <none> 10.2.1-6
2022-03-14 19:06:48 status half-installed libatomic1:amd64 10.2.1-6
2022-03-14 19:06:48 status unpacked libatomic1:amd64 10.2.1-6
2022-03-14 19:06:48 install libasan6:amd64 <none> 10.2.1-6
2022-03-14 19:06:48 status half-installed libasan6:amd64 10.2.1-6
2022-03-14 19:06:48 status unpacked libasan6:amd64 10.2.1-6
2022-03-14 19:06:48 install liblsan0:amd64 <none> 10.2.1-6
2022-03-14 19:06:48 status half-installed liblsan0:amd64 10.2.1-6
2022-03-14 19:06:48 status unpacked liblsan0:amd64 10.2.1-6
2022-03-14 19:06:48 install libtsan0:amd64 <none> 10.2.1-6
2022-03-14 19:06:48 status half-installed libtsan0:amd64 10.2.1-6
2022-03-14 19:06:49 status unpacked libtsan0:amd64 10.2.1-6
2022-03-14 19:06:49 install libubsan1:amd64 <none> 10.2.1-6
2022-03-14 19:06:49 status half-installed libubsan1:amd64 10.2.1-6
2022-03-14 19:06:49 status unpacked libubsan1:amd64 10.2.1-6
2022-03-14 19:06:49 install libquadmath0:amd64 <none> 10.2.1-6
2022-03-14 19:06:49 status half-installed libquadmath0:amd64 10.2.1-6
2022-03-14 19:06:49 status unpacked libquadmath0:amd64 10.2.1-6
2022-03-14 19:06:49 install libgcc-10-dev:amd64 <none> 10.2.1-6
2022-03-14 19:06:49 status half-installed libgcc-10-dev:amd64 10.2.1-6
2022-03-14 19:06:49 status unpacked libgcc-10-dev:amd64 10.2.1-6
2022-03-14 19:06:49 install gcc-10:amd64 <none> 10.2.1-6
2022-03-14 19:06:49 status half-installed gcc-10:amd64 10.2.1-6
2022-03-14 19:06:50 status unpacked gcc-10:amd64 10.2.1-6
2022-03-14 19:06:50 install gcc:amd64 <none> 4:10.2.1-1
2022-03-14 19:06:50 status half-installed gcc:amd64 4:10.2.1-1
2022-03-14 19:06:50 status unpacked gcc:amd64 4:10.2.1-1
2022-03-14 19:06:51 install gnupg-l10n:all <none> 2.2.27-2
2022-03-14 19:06:51 status half-installed gnupg-l10n:all 2.2.27-2
2022-03-14 19:06:51 status unpacked gnupg-l10n:all 2.2.27-2
2022-03-14 19:06:51 install gnupg-utils:amd64 <none> 2.2.27-2
2022-03-14 19:06:51 status half-installed gnupg-utils:amd64 2.2.27-2
2022-03-14 19:06:51 status unpacked gnupg-utils:amd64 2.2.27-2
2022-03-14 19:06:51 install gpg:amd64 <none> 2.2.27-2
2022-03-14 19:06:51 status half-installed gpg:amd64 2.2.27-2
2022-03-14 19:06:51 status unpacked gpg:amd64 2.2.27-2
2022-03-14 19:06:51 install pinentry-curses:amd64 <none> 1.1.0-4
2022-03-14 19:06:51 status half-installed pinentry-curses:amd64 1.1.0-4
2022-03-14 19:06:51 status unpacked pinentry-curses:amd64 1.1.0-4
2022-03-14 19:06:51 install gpg-agent:amd64 <none> 2.2.27-2
2022-03-14 19:06:51 status half-installed gpg-agent:amd64 2.2.27-2
2022-03-14 19:06:51 status unpacked gpg-agent:amd64 2.2.27-2
2022-03-14 19:06:51 install gpg-wks-client:amd64 <none> 2.2.27-2
2022-03-14 19:06:51 status half-installed gpg-wks-client:amd64 2.2.27-2
2022-03-14 19:06:51 status unpacked gpg-wks-client:amd64 2.2.27-2
2022-03-14 19:06:51 install gpg-wks-server:amd64 <none> 2.2.27-2
2022-03-14 19:06:51 status half-installed gpg-wks-server:amd64 2.2.27-2
2022-03-14 19:06:51 status unpacked gpg-wks-server:amd64 2.2.27-2
2022-03-14 19:06:51 install gpgsm:amd64 <none> 2.2.27-2
2022-03-14 19:06:51 status half-installed gpgsm:amd64 2.2.27-2
2022-03-14 19:06:51 status unpacked gpgsm:amd64 2.2.27-2
2022-03-14 19:06:51 install gnupg:all <none> 2.2.27-2
2022-03-14 19:06:51 status half-installed gnupg:all 2.2.27-2
2022-03-14 19:06:51 status unpacked gnupg:all 2.2.27-2
2022-03-14 19:06:51 install libicu67:amd64 <none> 67.1-7
2022-03-14 19:06:51 status half-installed libicu67:amd64 67.1-7
2022-03-14 19:06:52 status unpacked libicu67:amd64 67.1-7
2022-03-14 19:06:52 install icu-devtools:amd64 <none> 67.1-7
2022-03-14 19:06:52 status half-installed icu-devtools:amd64 67.1-7
2022-03-14 19:06:52 status unpacked icu-devtools:amd64 67.1-7
2022-03-14 19:06:52 install libc-dev-bin:amd64 <none> 2.31-13+deb11u2
2022-03-14 19:06:52 status half-installed libc-dev-bin:amd64 2.31-13+deb11u2
2022-03-14 19:06:52 status unpacked libc-dev-bin:amd64 2.31-13+deb11u2
2022-03-14 19:06:52 install linux-libc-dev:amd64 <none> 5.10.103-1
2022-03-14 19:06:52 status half-installed linux-libc-dev:amd64 5.10.103-1
2022-03-14 19:06:52 status unpacked linux-libc-dev:amd64 5.10.103-1
2022-03-14 19:06:52 install libcrypt-dev:amd64 <none> 1:4.4.18-4
2022-03-14 19:06:52 status half-installed libcrypt-dev:amd64 1:4.4.18-4
2022-03-14 19:06:52 status unpacked libcrypt-dev:amd64 1:4.4.18-4
2022-03-14 19:06:52 install libtirpc-dev:amd64 <none> 1.3.1-1
2022-03-14 19:06:52 status half-installed libtirpc-dev:amd64 1.3.1-1
2022-03-14 19:06:52 status unpacked libtirpc-dev:amd64 1.3.1-1
2022-03-14 19:06:52 install libnsl-dev:amd64 <none> 1.3.0-2
2022-03-14 19:06:52 status half-installed libnsl-dev:amd64 1.3.0-2
2022-03-14 19:06:52 status unpacked libnsl-dev:amd64 1.3.0-2
2022-03-14 19:06:52 install libc6-dev:amd64 <none> 2.31-13+deb11u2
2022-03-14 19:06:52 status half-installed libc6-dev:amd64 2.31-13+deb11u2
2022-03-14 19:06:52 status unpacked libc6-dev:amd64 2.31-13+deb11u2
2022-03-14 19:06:52 install uuid-dev:amd64 <none> 2.36.1-8+deb11u1
2022-03-14 19:06:52 status half-installed uuid-dev:amd64 2.36.1-8+deb11u1
2022-03-14 19:06:52 status unpacked uuid-dev:amd64 2.36.1-8+deb11u1
2022-03-14 19:06:52 install libsctp1:amd64 <none> 1.0.18+dfsg-1
2022-03-14 19:06:52 status half-installed libsctp1:amd64 1.0.18+dfsg-1
2022-03-14 19:06:52 status unpacked libsctp1:amd64 1.0.18+dfsg-1
2022-03-14 19:06:52 install libsctp-dev:amd64 <none> 1.0.18+dfsg-1
2022-03-14 19:06:52 status half-installed libsctp-dev:amd64 1.0.18+dfsg-1
2022-03-14 19:06:53 status unpacked libsctp-dev:amd64 1.0.18+dfsg-1
2022-03-14 19:06:53 install libapr1-dev:amd64 <none> 1.7.0-6+deb11u1
2022-03-14 19:06:53 status half-installed libapr1-dev:amd64 1.7.0-6+deb11u1
2022-03-14 19:06:53 status unpacked libapr1-dev:amd64 1.7.0-6+deb11u1
2022-03-14 19:06:53 install libldap2-dev:amd64 <none> 2.4.57+dfsg-3
2022-03-14 19:06:53 status half-installed libldap2-dev:amd64 2.4.57+dfsg-3
2022-03-14 19:06:53 status unpacked libldap2-dev:amd64 2.4.57+dfsg-3
2022-03-14 19:06:53 install libexpat1-dev:amd64 <none> 2.2.10-2+deb11u3
2022-03-14 19:06:53 status half-installed libexpat1-dev:amd64 2.2.10-2+deb11u3
2022-03-14 19:06:53 status unpacked libexpat1-dev:amd64 2.2.10-2+deb11u3
2022-03-14 19:06:53 install libaprutil1-dev:amd64 <none> 1.6.1-5
2022-03-14 19:06:53 status half-installed libaprutil1-dev:amd64 1.6.1-5
2022-03-14 19:06:53 status unpacked libaprutil1-dev:amd64 1.6.1-5
2022-03-14 19:06:53 install libbrotli1:amd64 <none> 1.0.9-2+b2
2022-03-14 19:06:53 status half-installed libbrotli1:amd64 1.0.9-2+b2
2022-03-14 19:06:53 status unpacked libbrotli1:amd64 1.0.9-2+b2
2022-03-14 19:06:53 install libbrotli-dev:amd64 <none> 1.0.9-2+b2
2022-03-14 19:06:53 status half-installed libbrotli-dev:amd64 1.0.9-2+b2
2022-03-14 19:06:53 status unpacked libbrotli-dev:amd64 1.0.9-2+b2
2022-03-14 19:06:53 install libnghttp2-14:amd64 <none> 1.43.0-1
2022-03-14 19:06:53 status half-installed libnghttp2-14:amd64 1.43.0-1
2022-03-14 19:06:53 status unpacked libnghttp2-14:amd64 1.43.0-1
2022-03-14 19:06:53 install librtmp1:amd64 <none> 2.4+20151223.gitfa8646d.1-2+b2
2022-03-14 19:06:53 status half-installed librtmp1:amd64 2.4+20151223.gitfa8646d.1-2+b2
2022-03-14 19:06:53 status unpacked librtmp1:amd64 2.4+20151223.gitfa8646d.1-2+b2
2022-03-14 19:06:53 install libssh2-1:amd64 <none> 1.9.0-2
2022-03-14 19:06:53 status half-installed libssh2-1:amd64 1.9.0-2
2022-03-14 19:06:53 status unpacked libssh2-1:amd64 1.9.0-2
2022-03-14 19:06:53 install libcurl4:amd64 <none> 7.74.0-1.3+deb11u1
2022-03-14 19:06:53 status half-installed libcurl4:amd64 7.74.0-1.3+deb11u1
2022-03-14 19:06:53 status unpacked libcurl4:amd64 7.74.0-1.3+deb11u1
2022-03-14 19:06:53 install libcurl4-openssl-dev:amd64 <none> 7.74.0-1.3+deb11u1
2022-03-14 19:06:53 status half-installed libcurl4-openssl-dev:amd64 7.74.0-1.3+deb11u1
2022-03-14 19:06:53 status unpacked libcurl4-openssl-dev:amd64 7.74.0-1.3+deb11u1
2022-03-14 19:06:53 install libglib2.0-0:amd64 <none> 2.66.8-1
2022-03-14 19:06:53 status half-installed libglib2.0-0:amd64 2.66.8-1
2022-03-14 19:06:53 status unpacked libglib2.0-0:amd64 2.66.8-1
2022-03-14 19:06:53 install libicu-dev:amd64 <none> 67.1-7
2022-03-14 19:06:53 status half-installed libicu-dev:amd64 67.1-7
2022-03-14 19:06:54 status unpacked libicu-dev:amd64 67.1-7
2022-03-14 19:06:54 install libjansson4:amd64 <none> 2.13.1-1.1
2022-03-14 19:06:54 status half-installed libjansson4:amd64 2.13.1-1.1
2022-03-14 19:06:54 status unpacked libjansson4:amd64 2.13.1-1.1
2022-03-14 19:06:54 install libjansson-dev:amd64 <none> 2.13.1-1.1
2022-03-14 19:06:54 status half-installed libjansson-dev:amd64 2.13.1-1.1
2022-03-14 19:06:54 status unpacked libjansson-dev:amd64 2.13.1-1.1
2022-03-14 19:06:54 install liblua5.2-0:amd64 <none> 5.2.4-1.1+b3
2022-03-14 19:06:54 status half-installed liblua5.2-0:amd64 5.2.4-1.1+b3
2022-03-14 19:06:54 status unpacked liblua5.2-0:amd64 5.2.4-1.1+b3
2022-03-14 19:06:54 install libncurses6:amd64 <none> 6.2+20201114-2
2022-03-14 19:06:54 status half-installed libncurses6:amd64 6.2+20201114-2
2022-03-14 19:06:54 status unpacked libncurses6:amd64 6.2+20201114-2
2022-03-14 19:06:54 install libncurses-dev:amd64 <none> 6.2+20201114-2
2022-03-14 19:06:54 status half-installed libncurses-dev:amd64 6.2+20201114-2
2022-03-14 19:06:54 status unpacked libncurses-dev:amd64 6.2+20201114-2
2022-03-14 19:06:54 install libreadline-dev:amd64 <none> 8.1-1
2022-03-14 19:06:54 status half-installed libreadline-dev:amd64 8.1-1
2022-03-14 19:06:54 status unpacked libreadline-dev:amd64 8.1-1
2022-03-14 19:06:54 install liblua5.2-dev:amd64 <none> 5.2.4-1.1+b3
2022-03-14 19:06:54 status half-installed liblua5.2-dev:amd64 5.2.4-1.1+b3
2022-03-14 19:06:55 status unpacked liblua5.2-dev:amd64 5.2.4-1.1+b3
2022-03-14 19:06:55 install pkg-config:amd64 <none> 0.29.2-1
2022-03-14 19:06:55 status half-installed pkg-config:amd64 0.29.2-1
2022-03-14 19:06:55 status unpacked pkg-config:amd64 0.29.2-1
2022-03-14 19:06:55 install libnghttp2-dev:amd64 <none> 1.43.0-1
2022-03-14 19:06:55 status half-installed libnghttp2-dev:amd64 1.43.0-1
2022-03-14 19:06:55 status unpacked libnghttp2-dev:amd64 1.43.0-1
2022-03-14 19:06:55 install libpcre16-3:amd64 <none> 2:8.39-13
2022-03-14 19:06:55 status half-installed libpcre16-3:amd64 2:8.39-13
2022-03-14 19:06:55 status unpacked libpcre16-3:amd64 2:8.39-13
2022-03-14 19:06:55 install libpcre32-3:amd64 <none> 2:8.39-13
2022-03-14 19:06:55 status half-installed libpcre32-3:amd64 2:8.39-13
2022-03-14 19:06:55 status unpacked libpcre32-3:amd64 2:8.39-13
2022-03-14 19:06:55 install libpcrecpp0v5:amd64 <none> 2:8.39-13
2022-03-14 19:06:55 status half-installed libpcrecpp0v5:amd64 2:8.39-13
2022-03-14 19:06:55 status unpacked libpcrecpp0v5:amd64 2:8.39-13
2022-03-14 19:06:55 install libpcre3-dev:amd64 <none> 2:8.39-13
2022-03-14 19:06:55 status half-installed libpcre3-dev:amd64 2:8.39-13
2022-03-14 19:06:55 status unpacked libpcre3-dev:amd64 2:8.39-13
2022-03-14 19:06:55 install libssl-dev:amd64 <none> 1.1.1k-1+deb11u1
2022-03-14 19:06:55 status half-installed libssl-dev:amd64 1.1.1k-1+deb11u1
2022-03-14 19:06:55 status unpacked libssl-dev:amd64 1.1.1k-1+deb11u1
2022-03-14 19:06:55 install libxml2:amd64 <none> 2.9.10+dfsg-6.7
2022-03-14 19:06:55 status half-installed libxml2:amd64 2.9.10+dfsg-6.7
2022-03-14 19:06:55 status unpacked libxml2:amd64 2.9.10+dfsg-6.7
2022-03-14 19:06:55 install libxml2-dev:amd64 <none> 2.9.10+dfsg-6.7
2022-03-14 19:06:55 status half-installed libxml2-dev:amd64 2.9.10+dfsg-6.7
2022-03-14 19:06:55 status unpacked libxml2-dev:amd64 2.9.10+dfsg-6.7
2022-03-14 19:06:55 install zlib1g-dev:amd64 <none> 1:1.2.11.dfsg-2
2022-03-14 19:06:55 status half-installed zlib1g-dev:amd64 1:1.2.11.dfsg-2
2022-03-14 19:06:55 status unpacked zlib1g-dev:amd64 1:1.2.11.dfsg-2
2022-03-14 19:06:55 startup packages configure
2022-03-14 19:06:55 configure libksba8:amd64 1.5.0-3 <none>
2022-03-14 19:06:55 status unpacked libksba8:amd64 1.5.0-3
2022-03-14 19:06:55 status half-configured libksba8:amd64 1.5.0-3
2022-03-14 19:06:55 status installed libksba8:amd64 1.5.0-3
2022-03-14 19:06:55 configure media-types:all 4.0.0 <none>
2022-03-14 19:06:55 status unpacked media-types:all 4.0.0
2022-03-14 19:06:55 status half-configured media-types:all 4.0.0
2022-03-14 19:06:55 status installed media-types:all 4.0.0
2022-03-14 19:06:55 configure libpcrecpp0v5:amd64 2:8.39-13 <none>
2022-03-14 19:06:55 status unpacked libpcrecpp0v5:amd64 2:8.39-13
2022-03-14 19:06:55 status half-configured libpcrecpp0v5:amd64 2:8.39-13
2022-03-14 19:06:55 status installed libpcrecpp0v5:amd64 2:8.39-13
2022-03-14 19:06:55 configure libpsl5:amd64 0.21.0-1.2 <none>
2022-03-14 19:06:55 status unpacked libpsl5:amd64 0.21.0-1.2
2022-03-14 19:06:55 status half-configured libpsl5:amd64 0.21.0-1.2
2022-03-14 19:06:55 status installed libpsl5:amd64 0.21.0-1.2
2022-03-14 19:06:55 configure wget:amd64 1.21-1+deb11u1 <none>
2022-03-14 19:06:55 status unpacked wget:amd64 1.21-1+deb11u1
2022-03-14 19:06:55 status half-configured wget:amd64 1.21-1+deb11u1
2022-03-14 19:06:55 status installed wget:amd64 1.21-1+deb11u1
2022-03-14 19:06:55 configure libpcre16-3:amd64 2:8.39-13 <none>
2022-03-14 19:06:55 status unpacked libpcre16-3:amd64 2:8.39-13
2022-03-14 19:06:55 status half-configured libpcre16-3:amd64 2:8.39-13
2022-03-14 19:06:55 status installed libpcre16-3:amd64 2:8.39-13
2022-03-14 19:06:55 configure libicu67:amd64 67.1-7 <none>
2022-03-14 19:06:55 status unpacked libicu67:amd64 67.1-7
2022-03-14 19:06:55 status half-configured libicu67:amd64 67.1-7
2022-03-14 19:06:55 status installed libicu67:amd64 67.1-7
2022-03-14 19:06:55 configure libglib2.0-0:amd64 2.66.8-1 <none>
2022-03-14 19:06:55 status unpacked libglib2.0-0:amd64 2.66.8-1
2022-03-14 19:06:55 status half-configured libglib2.0-0:amd64 2.66.8-1
2022-03-14 19:06:55 status installed libglib2.0-0:amd64 2.66.8-1
2022-03-14 19:06:55 configure perl-modules-5.32:all 5.32.1-4+deb11u2 <none>
2022-03-14 19:06:55 status unpacked perl-modules-5.32:all 5.32.1-4+deb11u2
2022-03-14 19:06:55 status half-configured perl-modules-5.32:all 5.32.1-4+deb11u2
2022-03-14 19:06:55 status installed perl-modules-5.32:all 5.32.1-4+deb11u2
2022-03-14 19:06:55 configure libbrotli1:amd64 1.0.9-2+b2 <none>
2022-03-14 19:06:55 status unpacked libbrotli1:amd64 1.0.9-2+b2
2022-03-14 19:06:55 status half-configured libbrotli1:amd64 1.0.9-2+b2
2022-03-14 19:06:55 status installed libbrotli1:amd64 1.0.9-2+b2
2022-03-14 19:06:55 configure libsqlite3-0:amd64 3.34.1-3 <none>
2022-03-14 19:06:55 status unpacked libsqlite3-0:amd64 3.34.1-3
2022-03-14 19:06:55 status half-configured libsqlite3-0:amd64 3.34.1-3
2022-03-14 19:06:55 status installed libsqlite3-0:amd64 3.34.1-3
2022-03-14 19:06:55 configure binutils-common:amd64 2.35.2-2 <none>
2022-03-14 19:06:55 status unpacked binutils-common:amd64 2.35.2-2
2022-03-14 19:06:55 status half-configured binutils-common:amd64 2.35.2-2
2022-03-14 19:06:55 status installed binutils-common:amd64 2.35.2-2
2022-03-14 19:06:55 configure libnghttp2-14:amd64 1.43.0-1 <none>
2022-03-14 19:06:55 status unpacked libnghttp2-14:amd64 1.43.0-1
2022-03-14 19:06:55 status half-configured libnghttp2-14:amd64 1.43.0-1
2022-03-14 19:06:55 status installed libnghttp2-14:amd64 1.43.0-1
2022-03-14 19:06:55 configure linux-libc-dev:amd64 5.10.103-1 <none>
2022-03-14 19:06:55 status unpacked linux-libc-dev:amd64 5.10.103-1
2022-03-14 19:06:55 status half-configured linux-libc-dev:amd64 5.10.103-1
2022-03-14 19:06:55 status installed linux-libc-dev:amd64 5.10.103-1
2022-03-14 19:06:55 configure libctf-nobfd0:amd64 2.35.2-2 <none>
2022-03-14 19:06:55 status unpacked libctf-nobfd0:amd64 2.35.2-2
2022-03-14 19:06:55 status half-configured libctf-nobfd0:amd64 2.35.2-2
2022-03-14 19:06:55 status installed libctf-nobfd0:amd64 2.35.2-2
2022-03-14 19:06:55 configure libnpth0:amd64 1.6-3 <none>
2022-03-14 19:06:55 status unpacked libnpth0:amd64 1.6-3
2022-03-14 19:06:55 status half-configured libnpth0:amd64 1.6-3
2022-03-14 19:06:55 status installed libnpth0:amd64 1.6-3
2022-03-14 19:06:55 configure libassuan0:amd64 2.5.3-7.1 <none>
2022-03-14 19:06:55 status unpacked libassuan0:amd64 2.5.3-7.1
2022-03-14 19:06:55 status half-configured libassuan0:amd64 2.5.3-7.1
2022-03-14 19:06:55 status installed libassuan0:amd64 2.5.3-7.1
2022-03-14 19:06:55 configure libgomp1:amd64 10.2.1-6 <none>
2022-03-14 19:06:55 status unpacked libgomp1:amd64 10.2.1-6
2022-03-14 19:06:55 status half-configured libgomp1:amd64 10.2.1-6
2022-03-14 19:06:55 status installed libgomp1:amd64 10.2.1-6
2022-03-14 19:06:55 configure bzip2:amd64 1.0.8-4 <none>
2022-03-14 19:06:55 status unpacked bzip2:amd64 1.0.8-4
2022-03-14 19:06:55 status half-configured bzip2:amd64 1.0.8-4
2022-03-14 19:06:55 status installed bzip2:amd64 1.0.8-4
2022-03-14 19:06:55 configure libasan6:amd64 10.2.1-6 <none>
2022-03-14 19:06:55 status unpacked libasan6:amd64 10.2.1-6
2022-03-14 19:06:55 status half-configured libasan6:amd64 10.2.1-6
2022-03-14 19:06:55 status installed libasan6:amd64 10.2.1-6
2022-03-14 19:06:55 configure libjansson4:amd64 2.13.1-1.1 <none>
2022-03-14 19:06:55 status unpacked libjansson4:amd64 2.13.1-1.1
2022-03-14 19:06:55 status half-configured libjansson4:amd64 2.13.1-1.1
2022-03-14 19:06:55 status installed libjansson4:amd64 2.13.1-1.1
2022-03-14 19:06:56 configure libldap2-dev:amd64 2.4.57+dfsg-3 <none>
2022-03-14 19:06:56 status unpacked libldap2-dev:amd64 2.4.57+dfsg-3
2022-03-14 19:06:56 status half-configured libldap2-dev:amd64 2.4.57+dfsg-3
2022-03-14 19:06:56 status installed libldap2-dev:amd64 2.4.57+dfsg-3
2022-03-14 19:06:56 configure libtirpc-dev:amd64 1.3.1-1 <none>
2022-03-14 19:06:56 status unpacked libtirpc-dev:amd64 1.3.1-1
2022-03-14 19:06:56 status half-configured libtirpc-dev:amd64 1.3.1-1
2022-03-14 19:06:56 status installed libtirpc-dev:amd64 1.3.1-1
2022-03-14 19:06:56 configure make:amd64 4.3-4.1 <none>
2022-03-14 19:06:56 status unpacked make:amd64 4.3-4.1
2022-03-14 19:06:56 status half-configured make:amd64 4.3-4.1
2022-03-14 19:06:56 status installed make:amd64 4.3-4.1
2022-03-14 19:06:56 configure libmpfr6:amd64 4.1.0-3 <none>
2022-03-14 19:06:56 status unpacked libmpfr6:amd64 4.1.0-3
2022-03-14 19:06:56 status half-configured libmpfr6:amd64 4.1.0-3
2022-03-14 19:06:56 status installed libmpfr6:amd64 4.1.0-3
2022-03-14 19:06:56 configure gnupg-l10n:all 2.2.27-2 <none>
2022-03-14 19:06:56 status unpacked gnupg-l10n:all 2.2.27-2
2022-03-14 19:06:56 status half-configured gnupg-l10n:all 2.2.27-2
2022-03-14 19:06:56 status installed gnupg-l10n:all 2.2.27-2
2022-03-14 19:06:56 configure librtmp1:amd64 2.4+20151223.gitfa8646d.1-2+b2 <none>
2022-03-14 19:06:56 status unpacked librtmp1:amd64 2.4+20151223.gitfa8646d.1-2+b2
2022-03-14 19:06:56 status half-configured librtmp1:amd64 2.4+20151223.gitfa8646d.1-2+b2
2022-03-14 19:06:56 status installed librtmp1:amd64 2.4+20151223.gitfa8646d.1-2+b2
2022-03-14 19:06:56 configure libncurses6:amd64 6.2+20201114-2 <none>
2022-03-14 19:06:56 status unpacked libncurses6:amd64 6.2+20201114-2
2022-03-14 19:06:56 status half-configured libncurses6:amd64 6.2+20201114-2
2022-03-14 19:06:56 status installed libncurses6:amd64 6.2+20201114-2
2022-03-14 19:06:56 configure xz-utils:amd64 5.2.5-2 <none>
2022-03-14 19:06:56 status unpacked xz-utils:amd64 5.2.5-2
2022-03-14 19:06:56 status half-configured xz-utils:amd64 5.2.5-2
2022-03-14 19:06:56 status installed xz-utils:amd64 5.2.5-2
2022-03-14 19:06:56 configure libquadmath0:amd64 10.2.1-6 <none>
2022-03-14 19:06:56 status unpacked libquadmath0:amd64 10.2.1-6
2022-03-14 19:06:56 status half-configured libquadmath0:amd64 10.2.1-6
2022-03-14 19:06:56 status installed libquadmath0:amd64 10.2.1-6
2022-03-14 19:06:56 configure libssl-dev:amd64 1.1.1k-1+deb11u1 <none>
2022-03-14 19:06:56 status unpacked libssl-dev:amd64 1.1.1k-1+deb11u1
2022-03-14 19:06:56 status half-configured libssl-dev:amd64 1.1.1k-1+deb11u1
2022-03-14 19:06:56 status installed libssl-dev:amd64 1.1.1k-1+deb11u1
2022-03-14 19:06:56 configure libpcre32-3:amd64 2:8.39-13 <none>
2022-03-14 19:06:56 status unpacked libpcre32-3:amd64 2:8.39-13
2022-03-14 19:06:56 status half-configured libpcre32-3:amd64 2:8.39-13
2022-03-14 19:06:56 status installed libpcre32-3:amd64 2:8.39-13
2022-03-14 19:06:56 configure libmpc3:amd64 1.2.0-1 <none>
2022-03-14 19:06:56 status unpacked libmpc3:amd64 1.2.0-1
2022-03-14 19:06:56 status half-configured libmpc3:amd64 1.2.0-1
2022-03-14 19:06:56 status installed libmpc3:amd64 1.2.0-1
2022-03-14 19:06:56 configure libatomic1:amd64 10.2.1-6 <none>
2022-03-14 19:06:56 status unpacked libatomic1:amd64 10.2.1-6
2022-03-14 19:06:56 status half-configured libatomic1:amd64 10.2.1-6
2022-03-14 19:06:56 status installed libatomic1:amd64 10.2.1-6
2022-03-14 19:06:56 configure patch:amd64 2.7.6-7 <none>
2022-03-14 19:06:56 status unpacked patch:amd64 2.7.6-7
2022-03-14 19:06:56 status half-configured patch:amd64 2.7.6-7
2022-03-14 19:06:56 status installed patch:amd64 2.7.6-7
2022-03-14 19:06:56 configure icu-devtools:amd64 67.1-7 <none>
2022-03-14 19:06:56 status unpacked icu-devtools:amd64 67.1-7
2022-03-14 19:06:56 status half-configured icu-devtools:amd64 67.1-7
2022-03-14 19:06:56 status installed icu-devtools:amd64 67.1-7
2022-03-14 19:06:56 configure libgdbm-compat4:amd64 1.19-2 <none>
2022-03-14 19:06:56 status unpacked libgdbm-compat4:amd64 1.19-2
2022-03-14 19:06:56 status half-configured libgdbm-compat4:amd64 1.19-2
2022-03-14 19:06:56 status installed libgdbm-compat4:amd64 1.19-2
2022-03-14 19:06:56 configure libncursesw6:amd64 6.2+20201114-2 <none>
2022-03-14 19:06:56 status unpacked libncursesw6:amd64 6.2+20201114-2
2022-03-14 19:06:56 status half-configured libncursesw6:amd64 6.2+20201114-2
2022-03-14 19:06:56 status installed libncursesw6:amd64 6.2+20201114-2
2022-03-14 19:06:56 configure libperl5.32:amd64 5.32.1-4+deb11u2 <none>
2022-03-14 19:06:56 status unpacked libperl5.32:amd64 5.32.1-4+deb11u2
2022-03-14 19:06:56 status half-configured libperl5.32:amd64 5.32.1-4+deb11u2
2022-03-14 19:06:56 status installed libperl5.32:amd64 5.32.1-4+deb11u2
2022-03-14 19:06:56 configure libubsan1:amd64 10.2.1-6 <none>
2022-03-14 19:06:56 status unpacked libubsan1:amd64 10.2.1-6
2022-03-14 19:06:56 status half-configured libubsan1:amd64 10.2.1-6
2022-03-14 19:06:56 status installed libubsan1:amd64 10.2.1-6
2022-03-14 19:06:56 configure libsctp1:amd64 1.0.18+dfsg-1 <none>
2022-03-14 19:06:56 status unpacked libsctp1:amd64 1.0.18+dfsg-1
2022-03-14 19:06:56 status half-configured libsctp1:amd64 1.0.18+dfsg-1
2022-03-14 19:06:56 status installed libsctp1:amd64 1.0.18+dfsg-1
2022-03-14 19:06:56 configure liblua5.2-0:amd64 5.2.4-1.1+b3 <none>
2022-03-14 19:06:56 status unpacked liblua5.2-0:amd64 5.2.4-1.1+b3
2022-03-14 19:06:56 status half-configured liblua5.2-0:amd64 5.2.4-1.1+b3
2022-03-14 19:06:56 status installed liblua5.2-0:amd64 5.2.4-1.1+b3
2022-03-14 19:06:56 configure libnsl-dev:amd64 1.3.0-2 <none>
2022-03-14 19:06:56 status unpacked libnsl-dev:amd64 1.3.0-2
2022-03-14 19:06:56 status half-configured libnsl-dev:amd64 1.3.0-2
2022-03-14 19:06:56 status installed libnsl-dev:amd64 1.3.0-2
2022-03-14 19:06:56 configure libcrypt-dev:amd64 1:4.4.18-4 <none>
2022-03-14 19:06:56 status unpacked libcrypt-dev:amd64 1:4.4.18-4
2022-03-14 19:06:56 status half-configured libcrypt-dev:amd64 1:4.4.18-4
2022-03-14 19:06:56 status installed libcrypt-dev:amd64 1:4.4.18-4
2022-03-14 19:06:56 configure libmpdec3:amd64 2.5.1-1 <none>
2022-03-14 19:06:56 status unpacked libmpdec3:amd64 2.5.1-1
2022-03-14 19:06:56 status half-configured libmpdec3:amd64 2.5.1-1
2022-03-14 19:06:56 status installed libmpdec3:amd64 2.5.1-1
2022-03-14 19:06:56 configure libssh2-1:amd64 1.9.0-2 <none>
2022-03-14 19:06:56 status unpacked libssh2-1:amd64 1.9.0-2
2022-03-14 19:06:56 status half-configured libssh2-1:amd64 1.9.0-2
2022-03-14 19:06:56 status installed libssh2-1:amd64 1.9.0-2
2022-03-14 19:06:56 configure libbinutils:amd64 2.35.2-2 <none>
2022-03-14 19:06:56 status unpacked libbinutils:amd64 2.35.2-2
2022-03-14 19:06:56 status half-configured libbinutils:amd64 2.35.2-2
2022-03-14 19:06:56 status installed libbinutils:amd64 2.35.2-2
2022-03-14 19:06:56 configure libisl23:amd64 0.23-1 <none>
2022-03-14 19:06:56 status unpacked libisl23:amd64 0.23-1
2022-03-14 19:06:56 status half-configured libisl23:amd64 0.23-1
2022-03-14 19:06:56 status installed libisl23:amd64 0.23-1
2022-03-14 19:06:56 configure libc-dev-bin:amd64 2.31-13+deb11u2 <none>
2022-03-14 19:06:56 status unpacked libc-dev-bin:amd64 2.31-13+deb11u2
2022-03-14 19:06:56 status half-configured libc-dev-bin:amd64 2.31-13+deb11u2
2022-03-14 19:06:56 status installed libc-dev-bin:amd64 2.31-13+deb11u2
2022-03-14 19:06:56 configure openssl:amd64 1.1.1k-1+deb11u1 <none>
2022-03-14 19:06:56 status unpacked openssl:amd64 1.1.1k-1+deb11u1
2022-03-14 19:06:56 status half-configured openssl:amd64 1.1.1k-1+deb11u1
2022-03-14 19:06:56 status installed openssl:amd64 1.1.1k-1+deb11u1
2022-03-14 19:06:56 configure readline-common:all 8.1-1 <none>
2022-03-14 19:06:56 status unpacked readline-common:all 8.1-1
2022-03-14 19:06:56 status half-configured readline-common:all 8.1-1
2022-03-14 19:06:56 status installed readline-common:all 8.1-1
2022-03-14 19:06:56 configure libxml2:amd64 2.9.10+dfsg-6.7 <none>
2022-03-14 19:06:56 status unpacked libxml2:amd64 2.9.10+dfsg-6.7
2022-03-14 19:06:56 status half-configured libxml2:amd64 2.9.10+dfsg-6.7
2022-03-14 19:06:56 status installed libxml2:amd64 2.9.10+dfsg-6.7
2022-03-14 19:06:56 configure libcc1-0:amd64 10.2.1-6 <none>
2022-03-14 19:06:56 status unpacked libcc1-0:amd64 10.2.1-6
2022-03-14 19:06:56 status half-configured libcc1-0:amd64 10.2.1-6
2022-03-14 19:06:56 status installed libcc1-0:amd64 10.2.1-6
2022-03-14 19:06:56 configure libjansson-dev:amd64 2.13.1-1.1 <none>
2022-03-14 19:06:56 status unpacked libjansson-dev:amd64 2.13.1-1.1
2022-03-14 19:06:56 status half-configured libjansson-dev:amd64 2.13.1-1.1
2022-03-14 19:06:56 status installed libjansson-dev:amd64 2.13.1-1.1
2022-03-14 19:06:56 configure libbrotli-dev:amd64 1.0.9-2+b2 <none>
2022-03-14 19:06:56 status unpacked libbrotli-dev:amd64 1.0.9-2+b2
2022-03-14 19:06:56 status half-configured libbrotli-dev:amd64 1.0.9-2+b2
2022-03-14 19:06:56 status installed libbrotli-dev:amd64 1.0.9-2+b2
2022-03-14 19:06:56 configure liblsan0:amd64 10.2.1-6 <none>
2022-03-14 19:06:56 status unpacked liblsan0:amd64 10.2.1-6
2022-03-14 19:06:56 status half-configured liblsan0:amd64 10.2.1-6
2022-03-14 19:06:56 status installed liblsan0:amd64 10.2.1-6
2022-03-14 19:06:56 configure cpp-10:amd64 10.2.1-6 <none>
2022-03-14 19:06:56 status unpacked cpp-10:amd64 10.2.1-6
2022-03-14 19:06:56 status half-configured cpp-10:amd64 10.2.1-6
2022-03-14 19:06:56 status installed cpp-10:amd64 10.2.1-6
2022-03-14 19:06:56 configure libitm1:amd64 10.2.1-6 <none>
2022-03-14 19:06:56 status unpacked libitm1:amd64 10.2.1-6
2022-03-14 19:06:56 status half-configured libitm1:amd64 10.2.1-6
2022-03-14 19:06:56 status installed libitm1:amd64 10.2.1-6
2022-03-14 19:06:56 configure libtsan0:amd64 10.2.1-6 <none>
2022-03-14 19:06:56 status unpacked libtsan0:amd64 10.2.1-6
2022-03-14 19:06:56 status half-configured libtsan0:amd64 10.2.1-6
2022-03-14 19:06:56 status installed libtsan0:amd64 10.2.1-6
2022-03-14 19:06:56 configure libctf0:amd64 2.35.2-2 <none>
2022-03-14 19:06:56 status unpacked libctf0:amd64 2.35.2-2
2022-03-14 19:06:56 status half-configured libctf0:amd64 2.35.2-2
2022-03-14 19:06:56 status installed libctf0:amd64 2.35.2-2
2022-03-14 19:06:56 configure pinentry-curses:amd64 1.1.0-4 <none>
2022-03-14 19:06:56 status unpacked pinentry-curses:amd64 1.1.0-4
2022-03-14 19:06:56 status half-configured pinentry-curses:amd64 1.1.0-4
2022-03-14 19:06:56 status installed pinentry-curses:amd64 1.1.0-4
2022-03-14 19:06:56 configure libgcc-10-dev:amd64 10.2.1-6 <none>
2022-03-14 19:06:56 status unpacked libgcc-10-dev:amd64 10.2.1-6
2022-03-14 19:06:56 status half-configured libgcc-10-dev:amd64 10.2.1-6
2022-03-14 19:06:56 status installed libgcc-10-dev:amd64 10.2.1-6
2022-03-14 19:06:56 configure libreadline8:amd64 8.1-1 <none>
2022-03-14 19:06:56 status unpacked libreadline8:amd64 8.1-1
2022-03-14 19:06:56 status half-configured libreadline8:amd64 8.1-1
2022-03-14 19:06:56 status installed libreadline8:amd64 8.1-1
2022-03-14 19:06:56 configure ca-certificates:all 20210119 <none>
2022-03-14 19:06:56 status unpacked ca-certificates:all 20210119
2022-03-14 19:06:56 status half-configured ca-certificates:all 20210119
2022-03-14 19:06:57 status installed ca-certificates:all 20210119
2022-03-14 19:06:57 status triggers-pending ca-certificates:all 20210119
2022-03-14 19:06:57 configure perl:amd64 5.32.1-4+deb11u2 <none>
2022-03-14 19:06:57 status unpacked perl:amd64 5.32.1-4+deb11u2
2022-03-14 19:06:57 status half-configured perl:amd64 5.32.1-4+deb11u2
2022-03-14 19:06:57 status installed perl:amd64 5.32.1-4+deb11u2
2022-03-14 19:06:57 configure libdpkg-perl:all 1.20.9 <none>
2022-03-14 19:06:57 status unpacked libdpkg-perl:all 1.20.9
2022-03-14 19:06:57 status half-configured libdpkg-perl:all 1.20.9
2022-03-14 19:06:57 status installed libdpkg-perl:all 1.20.9
2022-03-14 19:06:57 configure cpp:amd64 4:10.2.1-1 <none>
2022-03-14 19:06:57 status unpacked cpp:amd64 4:10.2.1-1
2022-03-14 19:06:57 status half-configured cpp:amd64 4:10.2.1-1
2022-03-14 19:06:57 status installed cpp:amd64 4:10.2.1-1
2022-03-14 19:06:57 configure gpgconf:amd64 2.2.27-2 <none>
2022-03-14 19:06:57 status unpacked gpgconf:amd64 2.2.27-2
2022-03-14 19:06:57 status half-configured gpgconf:amd64 2.2.27-2
2022-03-14 19:06:57 status installed gpgconf:amd64 2.2.27-2
2022-03-14 19:06:57 configure libcurl4:amd64 7.74.0-1.3+deb11u1 <none>
2022-03-14 19:06:57 status unpacked libcurl4:amd64 7.74.0-1.3+deb11u1
2022-03-14 19:06:57 status half-configured libcurl4:amd64 7.74.0-1.3+deb11u1
2022-03-14 19:06:57 status installed libcurl4:amd64 7.74.0-1.3+deb11u1
2022-03-14 19:06:57 configure libc6-dev:amd64 2.31-13+deb11u2 <none>
2022-03-14 19:06:57 status unpacked libc6-dev:amd64 2.31-13+deb11u2
2022-03-14 19:06:57 status half-configured libc6-dev:amd64 2.31-13+deb11u2
2022-03-14 19:06:57 status installed libc6-dev:amd64 2.31-13+deb11u2
2022-03-14 19:06:57 configure libicu-dev:amd64 67.1-7 <none>
2022-03-14 19:06:57 status unpacked libicu-dev:amd64 67.1-7
2022-03-14 19:06:57 status half-configured libicu-dev:amd64 67.1-7
2022-03-14 19:06:57 status installed libicu-dev:amd64 67.1-7
2022-03-14 19:06:57 configure gpg:amd64 2.2.27-2 <none>
2022-03-14 19:06:57 status unpacked gpg:amd64 2.2.27-2
2022-03-14 19:06:57 status half-configured gpg:amd64 2.2.27-2
2022-03-14 19:06:57 status installed gpg:amd64 2.2.27-2
2022-03-14 19:06:57 configure libpython3.9-stdlib:amd64 3.9.2-1 <none>
2022-03-14 19:06:57 status unpacked libpython3.9-stdlib:amd64 3.9.2-1
2022-03-14 19:06:57 status half-configured libpython3.9-stdlib:amd64 3.9.2-1
2022-03-14 19:06:57 status installed libpython3.9-stdlib:amd64 3.9.2-1
2022-03-14 19:06:57 configure libpython3-stdlib:amd64 3.9.2-3 <none>
2022-03-14 19:06:57 status unpacked libpython3-stdlib:amd64 3.9.2-3
2022-03-14 19:06:57 status half-configured libpython3-stdlib:amd64 3.9.2-3
2022-03-14 19:06:57 status installed libpython3-stdlib:amd64 3.9.2-3
2022-03-14 19:06:57 configure gnupg-utils:amd64 2.2.27-2 <none>
2022-03-14 19:06:57 status unpacked gnupg-utils:amd64 2.2.27-2
2022-03-14 19:06:57 status half-configured gnupg-utils:amd64 2.2.27-2
2022-03-14 19:06:57 status installed gnupg-utils:amd64 2.2.27-2
2022-03-14 19:06:57 configure binutils-x86-64-linux-gnu:amd64 2.35.2-2 <none>
2022-03-14 19:06:57 status unpacked binutils-x86-64-linux-gnu:amd64 2.35.2-2
2022-03-14 19:06:57 status half-configured binutils-x86-64-linux-gnu:amd64 2.35.2-2
2022-03-14 19:06:57 status installed binutils-x86-64-linux-gnu:amd64 2.35.2-2
2022-03-14 19:06:57 configure libncurses-dev:amd64 6.2+20201114-2 <none>
2022-03-14 19:06:57 status unpacked libncurses-dev:amd64 6.2+20201114-2
2022-03-14 19:06:57 status half-configured libncurses-dev:amd64 6.2+20201114-2
2022-03-14 19:06:57 status installed libncurses-dev:amd64 6.2+20201114-2
2022-03-14 19:06:57 configure gpg-agent:amd64 2.2.27-2 <none>
2022-03-14 19:06:57 status unpacked gpg-agent:amd64 2.2.27-2
2022-03-14 19:06:57 status half-configured gpg-agent:amd64 2.2.27-2
2022-03-14 19:06:57 status installed gpg-agent:amd64 2.2.27-2
2022-03-14 19:06:57 configure libpcre3-dev:amd64 2:8.39-13 <none>
2022-03-14 19:06:57 status unpacked libpcre3-dev:amd64 2:8.39-13
2022-03-14 19:06:57 status half-configured libpcre3-dev:amd64 2:8.39-13
2022-03-14 19:06:57 status installed libpcre3-dev:amd64 2:8.39-13
2022-03-14 19:06:57 configure gpgsm:amd64 2.2.27-2 <none>
2022-03-14 19:06:57 status unpacked gpgsm:amd64 2.2.27-2
2022-03-14 19:06:57 status half-configured gpgsm:amd64 2.2.27-2
2022-03-14 19:06:57 status installed gpgsm:amd64 2.2.27-2
2022-03-14 19:06:57 configure binutils:amd64 2.35.2-2 <none>
2022-03-14 19:06:57 status unpacked binutils:amd64 2.35.2-2
2022-03-14 19:06:57 status half-configured binutils:amd64 2.35.2-2
2022-03-14 19:06:57 status installed binutils:amd64 2.35.2-2
2022-03-14 19:06:57 configure libreadline-dev:amd64 8.1-1 <none>
2022-03-14 19:06:57 status unpacked libreadline-dev:amd64 8.1-1
2022-03-14 19:06:57 status half-configured libreadline-dev:amd64 8.1-1
2022-03-14 19:06:57 status installed libreadline-dev:amd64 8.1-1
2022-03-14 19:06:57 configure liblua5.2-dev:amd64 5.2.4-1.1+b3 <none>
2022-03-14 19:06:57 status unpacked liblua5.2-dev:amd64 5.2.4-1.1+b3
2022-03-14 19:06:57 status half-configured liblua5.2-dev:amd64 5.2.4-1.1+b3
2022-03-14 19:06:57 status installed liblua5.2-dev:amd64 5.2.4-1.1+b3
2022-03-14 19:06:57 configure dpkg-dev:all 1.20.9 <none>
2022-03-14 19:06:57 status unpacked dpkg-dev:all 1.20.9
2022-03-14 19:06:57 status half-configured dpkg-dev:all 1.20.9
2022-03-14 19:06:57 status installed dpkg-dev:all 1.20.9
2022-03-14 19:06:57 configure dirmngr:amd64 2.2.27-2 <none>
2022-03-14 19:06:57 status unpacked dirmngr:amd64 2.2.27-2
2022-03-14 19:06:58 status half-configured dirmngr:amd64 2.2.27-2
2022-03-14 19:06:58 status installed dirmngr:amd64 2.2.27-2
2022-03-14 19:06:58 configure libxml2-dev:amd64 2.9.10+dfsg-6.7 <none>
2022-03-14 19:06:58 status unpacked libxml2-dev:amd64 2.9.10+dfsg-6.7
2022-03-14 19:06:58 status half-configured libxml2-dev:amd64 2.9.10+dfsg-6.7
2022-03-14 19:06:58 status installed libxml2-dev:amd64 2.9.10+dfsg-6.7
2022-03-14 19:06:58 configure libexpat1-dev:amd64 2.2.10-2+deb11u3 <none>
2022-03-14 19:06:58 status unpacked libexpat1-dev:amd64 2.2.10-2+deb11u3
2022-03-14 19:06:58 status half-configured libexpat1-dev:amd64 2.2.10-2+deb11u3
2022-03-14 19:06:58 status installed libexpat1-dev:amd64 2.2.10-2+deb11u3
2022-03-14 19:06:58 configure libcurl4-openssl-dev:amd64 7.74.0-1.3+deb11u1 <none>
2022-03-14 19:06:58 status unpacked libcurl4-openssl-dev:amd64 7.74.0-1.3+deb11u1
2022-03-14 19:06:58 status half-configured libcurl4-openssl-dev:amd64 7.74.0-1.3+deb11u1
2022-03-14 19:06:58 status installed libcurl4-openssl-dev:amd64 7.74.0-1.3+deb11u1
2022-03-14 19:06:58 configure uuid-dev:amd64 2.36.1-8+deb11u1 <none>
2022-03-14 19:06:58 status unpacked uuid-dev:amd64 2.36.1-8+deb11u1
2022-03-14 19:06:58 status half-configured uuid-dev:amd64 2.36.1-8+deb11u1
2022-03-14 19:06:58 status installed uuid-dev:amd64 2.36.1-8+deb11u1
2022-03-14 19:06:58 configure libsctp-dev:amd64 1.0.18+dfsg-1 <none>
2022-03-14 19:06:58 status unpacked libsctp-dev:amd64 1.0.18+dfsg-1
2022-03-14 19:06:58 status half-configured libsctp-dev:amd64 1.0.18+dfsg-1
2022-03-14 19:06:58 status installed libsctp-dev:amd64 1.0.18+dfsg-1
2022-03-14 19:06:58 configure pkg-config:amd64 0.29.2-1 <none>
2022-03-14 19:06:58 status unpacked pkg-config:amd64 0.29.2-1
2022-03-14 19:06:58 status half-configured pkg-config:amd64 0.29.2-1
2022-03-14 19:06:58 status installed pkg-config:amd64 0.29.2-1
2022-03-14 19:06:58 configure gcc-10:amd64 10.2.1-6 <none>
2022-03-14 19:06:58 status unpacked gcc-10:amd64 10.2.1-6
2022-03-14 19:06:58 status half-configured gcc-10:amd64 10.2.1-6
2022-03-14 19:06:58 status installed gcc-10:amd64 10.2.1-6
2022-03-14 19:06:58 configure gpg-wks-server:amd64 2.2.27-2 <none>
2022-03-14 19:06:58 status unpacked gpg-wks-server:amd64 2.2.27-2
2022-03-14 19:06:58 status half-configured gpg-wks-server:amd64 2.2.27-2
2022-03-14 19:06:58 status installed gpg-wks-server:amd64 2.2.27-2
2022-03-14 19:06:58 configure zlib1g-dev:amd64 1:1.2.11.dfsg-2 <none>
2022-03-14 19:06:58 status unpacked zlib1g-dev:amd64 1:1.2.11.dfsg-2
2022-03-14 19:06:58 status half-configured zlib1g-dev:amd64 1:1.2.11.dfsg-2
2022-03-14 19:06:58 status installed zlib1g-dev:amd64 1:1.2.11.dfsg-2
2022-03-14 19:06:58 configure python3.9:amd64 3.9.2-1 <none>
2022-03-14 19:06:58 status unpacked python3.9:amd64 3.9.2-1
2022-03-14 19:06:58 status half-configured python3.9:amd64 3.9.2-1
2022-03-14 19:06:58 status installed python3.9:amd64 3.9.2-1
2022-03-14 19:06:58 configure libnghttp2-dev:amd64 1.43.0-1 <none>
2022-03-14 19:06:58 status unpacked libnghttp2-dev:amd64 1.43.0-1
2022-03-14 19:06:58 status half-configured libnghttp2-dev:amd64 1.43.0-1
2022-03-14 19:06:58 status installed libnghttp2-dev:amd64 1.43.0-1
2022-03-14 19:06:58 configure gpg-wks-client:amd64 2.2.27-2 <none>
2022-03-14 19:06:58 status unpacked gpg-wks-client:amd64 2.2.27-2
2022-03-14 19:06:58 status half-configured gpg-wks-client:amd64 2.2.27-2
2022-03-14 19:06:58 status installed gpg-wks-client:amd64 2.2.27-2
2022-03-14 19:06:58 configure python3:amd64 3.9.2-3 <none>
2022-03-14 19:06:58 status unpacked python3:amd64 3.9.2-3
2022-03-14 19:06:58 status half-configured python3:amd64 3.9.2-3
2022-03-14 19:06:58 status installed python3:amd64 3.9.2-3
2022-03-14 19:06:58 configure gcc:amd64 4:10.2.1-1 <none>
2022-03-14 19:06:58 status unpacked gcc:amd64 4:10.2.1-1
2022-03-14 19:06:58 status half-configured gcc:amd64 4:10.2.1-1
2022-03-14 19:06:58 status installed gcc:amd64 4:10.2.1-1
2022-03-14 19:06:58 configure libapr1-dev:amd64 1.7.0-6+deb11u1 <none>
2022-03-14 19:06:58 status unpacked libapr1-dev:amd64 1.7.0-6+deb11u1
2022-03-14 19:06:58 status half-configured libapr1-dev:amd64 1.7.0-6+deb11u1
2022-03-14 19:06:58 status installed libapr1-dev:amd64 1.7.0-6+deb11u1
2022-03-14 19:06:58 configure gnupg:all 2.2.27-2 <none>
2022-03-14 19:06:58 status unpacked gnupg:all 2.2.27-2
2022-03-14 19:06:58 status half-configured gnupg:all 2.2.27-2
2022-03-14 19:06:58 status installed gnupg:all 2.2.27-2
2022-03-14 19:06:58 configure libaprutil1-dev:amd64 1.6.1-5 <none>
2022-03-14 19:06:58 status unpacked libaprutil1-dev:amd64 1.6.1-5
2022-03-14 19:06:58 status half-configured libaprutil1-dev:amd64 1.6.1-5
2022-03-14 19:06:58 status installed libaprutil1-dev:amd64 1.6.1-5
2022-03-14 19:06:58 trigproc libc-bin:amd64 2.31-13+deb11u2 <none>
2022-03-14 19:06:58 status half-configured libc-bin:amd64 2.31-13+deb11u2
2022-03-14 19:06:59 status installed libc-bin:amd64 2.31-13+deb11u2
2022-03-14 19:06:59 trigproc ca-certificates:all 20210119 <none>
2022-03-14 19:06:59 status half-configured ca-certificates:all 20210119
2022-03-14 19:06:59 status installed ca-certificates:all 20210119
2022-03-14 19:16:45 startup packages remove
2022-03-14 19:16:45 status installed gcc:amd64 4:10.2.1-1
2022-03-14 19:16:45 remove gcc:amd64 4:10.2.1-1 <none>
2022-03-14 19:16:45 status half-configured gcc:amd64 4:10.2.1-1
2022-03-14 19:16:45 status half-installed gcc:amd64 4:10.2.1-1
2022-03-14 19:16:45 status config-files gcc:amd64 4:10.2.1-1
2022-03-14 19:16:45 status not-installed gcc:amd64 <none>
2022-03-14 19:16:45 status installed gcc-10:amd64 10.2.1-6
2022-03-14 19:16:45 remove gcc-10:amd64 10.2.1-6 <none>
2022-03-14 19:16:45 status half-configured gcc-10:amd64 10.2.1-6
2022-03-14 19:16:45 status half-installed gcc-10:amd64 10.2.1-6
2022-03-14 19:16:45 status config-files gcc-10:amd64 10.2.1-6
2022-03-14 19:16:45 status not-installed gcc-10:amd64 <none>
2022-03-14 19:16:45 status installed dpkg-dev:all 1.20.9
2022-03-14 19:16:45 remove dpkg-dev:all 1.20.9 <none>
2022-03-14 19:16:45 status half-configured dpkg-dev:all 1.20.9
2022-03-14 19:16:45 status half-installed dpkg-dev:all 1.20.9
2022-03-14 19:16:45 status config-files dpkg-dev:all 1.20.9
2022-03-14 19:16:45 status installed binutils:amd64 2.35.2-2
2022-03-14 19:16:45 remove binutils:amd64 2.35.2-2 <none>
2022-03-14 19:16:45 status half-configured binutils:amd64 2.35.2-2
2022-03-14 19:16:45 status half-installed binutils:amd64 2.35.2-2
2022-03-14 19:16:45 status config-files binutils:amd64 2.35.2-2
2022-03-14 19:16:45 status not-installed binutils:amd64 <none>
2022-03-14 19:16:45 status installed binutils-x86-64-linux-gnu:amd64 2.35.2-2
2022-03-14 19:16:45 remove binutils-x86-64-linux-gnu:amd64 2.35.2-2 <none>
2022-03-14 19:16:45 status half-configured binutils-x86-64-linux-gnu:amd64 2.35.2-2
2022-03-14 19:16:45 status half-installed binutils-x86-64-linux-gnu:amd64 2.35.2-2
2022-03-14 19:16:45 status config-files binutils-x86-64-linux-gnu:amd64 2.35.2-2
2022-03-14 19:16:45 status not-installed binutils-x86-64-linux-gnu:amd64 <none>
2022-03-14 19:16:45 status installed libctf0:amd64 2.35.2-2
2022-03-14 19:16:45 remove libctf0:amd64 2.35.2-2 <none>
2022-03-14 19:16:45 status triggers-pending libc-bin:amd64 2.31-13+deb11u2
2022-03-14 19:16:45 status half-configured libctf0:amd64 2.35.2-2
2022-03-14 19:16:45 status half-installed libctf0:amd64 2.35.2-2
2022-03-14 19:16:45 status config-files libctf0:amd64 2.35.2-2
2022-03-14 19:16:45 status not-installed libctf0:amd64 <none>
2022-03-14 19:16:45 status installed libbinutils:amd64 2.35.2-2
2022-03-14 19:16:45 remove libbinutils:amd64 2.35.2-2 <none>
2022-03-14 19:16:45 status half-configured libbinutils:amd64 2.35.2-2
2022-03-14 19:16:45 status half-installed libbinutils:amd64 2.35.2-2
2022-03-14 19:16:45 status config-files libbinutils:amd64 2.35.2-2
2022-03-14 19:16:45 status not-installed libbinutils:amd64 <none>
2022-03-14 19:16:45 status installed binutils-common:amd64 2.35.2-2
2022-03-14 19:16:45 remove binutils-common:amd64 2.35.2-2 <none>
2022-03-14 19:16:45 status half-configured binutils-common:amd64 2.35.2-2
2022-03-14 19:16:45 status half-installed binutils-common:amd64 2.35.2-2
2022-03-14 19:16:45 status config-files binutils-common:amd64 2.35.2-2
2022-03-14 19:16:45 status not-installed binutils-common:amd64 <none>
2022-03-14 19:16:45 status installed bzip2:amd64 1.0.8-4
2022-03-14 19:16:45 remove bzip2:amd64 1.0.8-4 <none>
2022-03-14 19:16:45 status half-configured bzip2:amd64 1.0.8-4
2022-03-14 19:16:45 status half-installed bzip2:amd64 1.0.8-4
2022-03-14 19:16:45 status config-files bzip2:amd64 1.0.8-4
2022-03-14 19:16:45 status not-installed bzip2:amd64 <none>
2022-03-14 19:16:45 status installed ca-certificates:all 20210119
2022-03-14 19:16:45 remove ca-certificates:all 20210119 <none>
2022-03-14 19:16:45 status half-configured ca-certificates:all 20210119
2022-03-14 19:16:45 status half-installed ca-certificates:all 20210119
2022-03-14 19:16:45 status config-files ca-certificates:all 20210119
2022-03-14 19:16:45 status installed cpp:amd64 4:10.2.1-1
2022-03-14 19:16:45 remove cpp:amd64 4:10.2.1-1 <none>
2022-03-14 19:16:45 status half-configured cpp:amd64 4:10.2.1-1
2022-03-14 19:16:45 status half-installed cpp:amd64 4:10.2.1-1
2022-03-14 19:16:45 status config-files cpp:amd64 4:10.2.1-1
2022-03-14 19:16:45 status not-installed cpp:amd64 <none>
2022-03-14 19:16:45 status installed cpp-10:amd64 10.2.1-6
2022-03-14 19:16:45 remove cpp-10:amd64 10.2.1-6 <none>
2022-03-14 19:16:45 status half-configured cpp-10:amd64 10.2.1-6
2022-03-14 19:16:45 status half-installed cpp-10:amd64 10.2.1-6
2022-03-14 19:16:45 status config-files cpp-10:amd64 10.2.1-6
2022-03-14 19:16:45 status not-installed cpp-10:amd64 <none>
2022-03-14 19:16:45 status installed gnupg:all 2.2.27-2
2022-03-14 19:16:45 remove gnupg:all 2.2.27-2 <none>
2022-03-14 19:16:45 status half-configured gnupg:all 2.2.27-2
2022-03-14 19:16:45 status half-installed gnupg:all 2.2.27-2
2022-03-14 19:16:45 status config-files gnupg:all 2.2.27-2
2022-03-14 19:16:45 status not-installed gnupg:all <none>
2022-03-14 19:16:45 status installed gpg-wks-client:amd64 2.2.27-2
2022-03-14 19:16:45 remove gpg-wks-client:amd64 2.2.27-2 <none>
2022-03-14 19:16:45 status half-configured gpg-wks-client:amd64 2.2.27-2
2022-03-14 19:16:45 status half-installed gpg-wks-client:amd64 2.2.27-2
2022-03-14 19:16:45 status config-files gpg-wks-client:amd64 2.2.27-2
2022-03-14 19:16:45 status not-installed gpg-wks-client:amd64 <none>
2022-03-14 19:16:45 status installed dirmngr:amd64 2.2.27-2
2022-03-14 19:16:45 remove dirmngr:amd64 2.2.27-2 <none>
2022-03-14 19:16:45 status half-configured dirmngr:amd64 2.2.27-2
2022-03-14 19:16:45 status half-installed dirmngr:amd64 2.2.27-2
2022-03-14 19:16:46 status config-files dirmngr:amd64 2.2.27-2
2022-03-14 19:16:46 status installed gnupg-l10n:all 2.2.27-2
2022-03-14 19:16:46 remove gnupg-l10n:all 2.2.27-2 <none>
2022-03-14 19:16:46 status half-configured gnupg-l10n:all 2.2.27-2
2022-03-14 19:16:46 status half-installed gnupg-l10n:all 2.2.27-2
2022-03-14 19:16:46 status config-files gnupg-l10n:all 2.2.27-2
2022-03-14 19:16:46 status not-installed gnupg-l10n:all <none>
2022-03-14 19:16:46 status installed gnupg-utils:amd64 2.2.27-2
2022-03-14 19:16:46 remove gnupg-utils:amd64 2.2.27-2 <none>
2022-03-14 19:16:46 status half-configured gnupg-utils:amd64 2.2.27-2
2022-03-14 19:16:46 status half-installed gnupg-utils:amd64 2.2.27-2
2022-03-14 19:16:46 status config-files gnupg-utils:amd64 2.2.27-2
2022-03-14 19:16:46 status not-installed gnupg-utils:amd64 <none>
2022-03-14 19:16:46 status installed gpg-wks-server:amd64 2.2.27-2
2022-03-14 19:16:46 remove gpg-wks-server:amd64 2.2.27-2 <none>
2022-03-14 19:16:46 status half-configured gpg-wks-server:amd64 2.2.27-2
2022-03-14 19:16:46 status half-installed gpg-wks-server:amd64 2.2.27-2
2022-03-14 19:16:46 status config-files gpg-wks-server:amd64 2.2.27-2
2022-03-14 19:16:46 status not-installed gpg-wks-server:amd64 <none>
2022-03-14 19:16:46 status installed gpg:amd64 2.2.27-2
2022-03-14 19:16:46 remove gpg:amd64 2.2.27-2 <none>
2022-03-14 19:16:46 status half-configured gpg:amd64 2.2.27-2
2022-03-14 19:16:46 status half-installed gpg:amd64 2.2.27-2
2022-03-14 19:16:46 status config-files gpg:amd64 2.2.27-2
2022-03-14 19:16:46 status not-installed gpg:amd64 <none>
2022-03-14 19:16:46 status installed gpg-agent:amd64 2.2.27-2
2022-03-14 19:16:46 remove gpg-agent:amd64 2.2.27-2 <none>
2022-03-14 19:16:46 status half-configured gpg-agent:amd64 2.2.27-2
2022-03-14 19:16:46 status half-installed gpg-agent:amd64 2.2.27-2
2022-03-14 19:16:46 status config-files gpg-agent:amd64 2.2.27-2
2022-03-14 19:16:46 status installed gpgsm:amd64 2.2.27-2
2022-03-14 19:16:46 remove gpgsm:amd64 2.2.27-2 <none>
2022-03-14 19:16:46 status half-configured gpgsm:amd64 2.2.27-2
2022-03-14 19:16:46 status half-installed gpgsm:amd64 2.2.27-2
2022-03-14 19:16:46 status config-files gpgsm:amd64 2.2.27-2
2022-03-14 19:16:46 status not-installed gpgsm:amd64 <none>
2022-03-14 19:16:46 status installed gpgconf:amd64 2.2.27-2
2022-03-14 19:16:46 remove gpgconf:amd64 2.2.27-2 <none>
2022-03-14 19:16:46 status half-configured gpgconf:amd64 2.2.27-2
2022-03-14 19:16:46 status half-installed gpgconf:amd64 2.2.27-2
2022-03-14 19:16:46 status config-files gpgconf:amd64 2.2.27-2
2022-03-14 19:16:46 status not-installed gpgconf:amd64 <none>
2022-03-14 19:16:46 status installed libxml2-dev:amd64 2.9.10+dfsg-6.7
2022-03-14 19:16:46 remove libxml2-dev:amd64 2.9.10+dfsg-6.7 <none>
2022-03-14 19:16:46 status half-configured libxml2-dev:amd64 2.9.10+dfsg-6.7
2022-03-14 19:16:46 status half-installed libxml2-dev:amd64 2.9.10+dfsg-6.7
2022-03-14 19:16:46 status config-files libxml2-dev:amd64 2.9.10+dfsg-6.7
2022-03-14 19:16:46 status not-installed libxml2-dev:amd64 <none>
2022-03-14 19:16:46 status installed libicu-dev:amd64 67.1-7
2022-03-14 19:16:46 remove libicu-dev:amd64 67.1-7 <none>
2022-03-14 19:16:46 status half-configured libicu-dev:amd64 67.1-7
2022-03-14 19:16:46 status half-installed libicu-dev:amd64 67.1-7
2022-03-14 19:16:46 status config-files libicu-dev:amd64 67.1-7
2022-03-14 19:16:46 status not-installed libicu-dev:amd64 <none>
2022-03-14 19:16:46 status installed icu-devtools:amd64 67.1-7
2022-03-14 19:16:46 remove icu-devtools:amd64 67.1-7 <none>
2022-03-14 19:16:46 status half-configured icu-devtools:amd64 67.1-7
2022-03-14 19:16:46 status half-installed icu-devtools:amd64 67.1-7
2022-03-14 19:16:46 status config-files icu-devtools:amd64 67.1-7
2022-03-14 19:16:46 status not-installed icu-devtools:amd64 <none>
2022-03-14 19:16:46 status installed libaprutil1-dev:amd64 1.6.1-5
2022-03-14 19:16:46 remove libaprutil1-dev:amd64 1.6.1-5 <none>
2022-03-14 19:16:46 status half-configured libaprutil1-dev:amd64 1.6.1-5
2022-03-14 19:16:46 status half-installed libaprutil1-dev:amd64 1.6.1-5
2022-03-14 19:16:46 status config-files libaprutil1-dev:amd64 1.6.1-5
2022-03-14 19:16:46 status not-installed libaprutil1-dev:amd64 <none>
2022-03-14 19:16:46 status installed libapr1-dev:amd64 1.7.0-6+deb11u1
2022-03-14 19:16:46 remove libapr1-dev:amd64 1.7.0-6+deb11u1 <none>
2022-03-14 19:16:46 status half-configured libapr1-dev:amd64 1.7.0-6+deb11u1
2022-03-14 19:16:46 status half-installed libapr1-dev:amd64 1.7.0-6+deb11u1
2022-03-14 19:16:46 status config-files libapr1-dev:amd64 1.7.0-6+deb11u1
2022-03-14 19:16:46 status not-installed libapr1-dev:amd64 <none>
2022-03-14 19:16:46 status installed libgcc-10-dev:amd64 10.2.1-6
2022-03-14 19:16:46 remove libgcc-10-dev:amd64 10.2.1-6 <none>
2022-03-14 19:16:46 status half-configured libgcc-10-dev:amd64 10.2.1-6
2022-03-14 19:16:46 status half-installed libgcc-10-dev:amd64 10.2.1-6
2022-03-14 19:16:46 status config-files libgcc-10-dev:amd64 10.2.1-6
2022-03-14 19:16:46 status not-installed libgcc-10-dev:amd64 <none>
2022-03-14 19:16:46 status installed libasan6:amd64 10.2.1-6
2022-03-14 19:16:46 remove libasan6:amd64 10.2.1-6 <none>
2022-03-14 19:16:46 status half-configured libasan6:amd64 10.2.1-6
2022-03-14 19:16:46 status half-installed libasan6:amd64 10.2.1-6
2022-03-14 19:16:46 status config-files libasan6:amd64 10.2.1-6
2022-03-14 19:16:46 status not-installed libasan6:amd64 <none>
2022-03-14 19:16:46 status installed pinentry-curses:amd64 1.1.0-4
2022-03-14 19:16:46 remove pinentry-curses:amd64 1.1.0-4 <none>
2022-03-14 19:16:46 status half-configured pinentry-curses:amd64 1.1.0-4
2022-03-14 19:16:46 status half-installed pinentry-curses:amd64 1.1.0-4
2022-03-14 19:16:46 status config-files pinentry-curses:amd64 1.1.0-4
2022-03-14 19:16:46 status not-installed pinentry-curses:amd64 <none>
2022-03-14 19:16:46 status installed libassuan0:amd64 2.5.3-7.1
2022-03-14 19:16:46 remove libassuan0:amd64 2.5.3-7.1 <none>
2022-03-14 19:16:46 status half-configured libassuan0:amd64 2.5.3-7.1
2022-03-14 19:16:46 status half-installed libassuan0:amd64 2.5.3-7.1
2022-03-14 19:16:46 status config-files libassuan0:amd64 2.5.3-7.1
2022-03-14 19:16:46 status not-installed libassuan0:amd64 <none>
2022-03-14 19:16:46 status installed libatomic1:amd64 10.2.1-6
2022-03-14 19:16:46 remove libatomic1:amd64 10.2.1-6 <none>
2022-03-14 19:16:46 status half-configured libatomic1:amd64 10.2.1-6
2022-03-14 19:16:46 status half-installed libatomic1:amd64 10.2.1-6
2022-03-14 19:16:46 status config-files libatomic1:amd64 10.2.1-6
2022-03-14 19:16:46 status not-installed libatomic1:amd64 <none>
2022-03-14 19:16:46 status installed libbrotli-dev:amd64 1.0.9-2+b2
2022-03-14 19:16:46 remove libbrotli-dev:amd64 1.0.9-2+b2 <none>
2022-03-14 19:16:46 status half-configured libbrotli-dev:amd64 1.0.9-2+b2
2022-03-14 19:16:46 status half-installed libbrotli-dev:amd64 1.0.9-2+b2
2022-03-14 19:16:46 status config-files libbrotli-dev:amd64 1.0.9-2+b2
2022-03-14 19:16:46 status not-installed libbrotli-dev:amd64 <none>
2022-03-14 19:16:46 status installed zlib1g-dev:amd64 1:1.2.11.dfsg-2
2022-03-14 19:16:46 remove zlib1g-dev:amd64 1:1.2.11.dfsg-2 <none>
2022-03-14 19:16:46 status half-configured zlib1g-dev:amd64 1:1.2.11.dfsg-2
2022-03-14 19:16:46 status half-installed zlib1g-dev:amd64 1:1.2.11.dfsg-2
2022-03-14 19:16:46 status config-files zlib1g-dev:amd64 1:1.2.11.dfsg-2
2022-03-14 19:16:46 status not-installed zlib1g-dev:amd64 <none>
2022-03-14 19:16:46 status installed uuid-dev:amd64 2.36.1-8+deb11u1
2022-03-14 19:16:46 remove uuid-dev:amd64 2.36.1-8+deb11u1 <none>
2022-03-14 19:16:46 status half-configured uuid-dev:amd64 2.36.1-8+deb11u1
2022-03-14 19:16:46 status half-installed uuid-dev:amd64 2.36.1-8+deb11u1
2022-03-14 19:16:46 status config-files uuid-dev:amd64 2.36.1-8+deb11u1
2022-03-14 19:16:46 status not-installed uuid-dev:amd64 <none>
2022-03-14 19:16:46 status installed libsctp-dev:amd64 1.0.18+dfsg-1
2022-03-14 19:16:46 remove libsctp-dev:amd64 1.0.18+dfsg-1 <none>
2022-03-14 19:16:46 status half-configured libsctp-dev:amd64 1.0.18+dfsg-1
2022-03-14 19:16:46 status half-installed libsctp-dev:amd64 1.0.18+dfsg-1
2022-03-14 19:16:46 status config-files libsctp-dev:amd64 1.0.18+dfsg-1
2022-03-14 19:16:46 status not-installed libsctp-dev:amd64 <none>
2022-03-14 19:16:46 status installed liblua5.2-dev:amd64 5.2.4-1.1+b3
2022-03-14 19:16:46 remove liblua5.2-dev:amd64 5.2.4-1.1+b3 <none>
2022-03-14 19:16:46 status half-configured liblua5.2-dev:amd64 5.2.4-1.1+b3
2022-03-14 19:16:46 status half-installed liblua5.2-dev:amd64 5.2.4-1.1+b3
2022-03-14 19:16:46 status config-files liblua5.2-dev:amd64 5.2.4-1.1+b3
2022-03-14 19:16:46 status not-installed liblua5.2-dev:amd64 <none>
2022-03-14 19:16:46 status installed libreadline-dev:amd64 8.1-1
2022-03-14 19:16:46 remove libreadline-dev:amd64 8.1-1 <none>
2022-03-14 19:16:46 status half-configured libreadline-dev:amd64 8.1-1
2022-03-14 19:16:46 status half-installed libreadline-dev:amd64 8.1-1
2022-03-14 19:16:46 status config-files libreadline-dev:amd64 8.1-1
2022-03-14 19:16:46 status not-installed libreadline-dev:amd64 <none>
2022-03-14 19:16:46 status installed libncurses-dev:amd64 6.2+20201114-2
2022-03-14 19:16:46 remove libncurses-dev:amd64 6.2+20201114-2 <none>
2022-03-14 19:16:46 status half-configured libncurses-dev:amd64 6.2+20201114-2
2022-03-14 19:16:46 status half-installed libncurses-dev:amd64 6.2+20201114-2
2022-03-14 19:16:46 status config-files libncurses-dev:amd64 6.2+20201114-2
2022-03-14 19:16:46 status not-installed libncurses-dev:amd64 <none>
2022-03-14 19:16:46 status installed libc6-dev:amd64 2.31-13+deb11u2
2022-03-14 19:16:46 status installed libc-dev-bin:amd64 2.31-13+deb11u2
2022-03-14 19:16:46 status installed libcc1-0:amd64 10.2.1-6
2022-03-14 19:16:46 remove libcc1-0:amd64 10.2.1-6 <none>
2022-03-14 19:16:46 status half-configured libcc1-0:amd64 10.2.1-6
2022-03-14 19:16:46 status half-installed libcc1-0:amd64 10.2.1-6
2022-03-14 19:16:46 status config-files libcc1-0:amd64 10.2.1-6
2022-03-14 19:16:46 status not-installed libcc1-0:amd64 <none>
2022-03-14 19:16:46 status installed libcrypt-dev:amd64 1:4.4.18-4
2022-03-14 19:16:46 status installed libctf-nobfd0:amd64 2.35.2-2
2022-03-14 19:16:46 remove libctf-nobfd0:amd64 2.35.2-2 <none>
2022-03-14 19:16:46 status half-configured libctf-nobfd0:amd64 2.35.2-2
2022-03-14 19:16:46 status half-installed libctf-nobfd0:amd64 2.35.2-2
2022-03-14 19:16:46 status config-files libctf-nobfd0:amd64 2.35.2-2
2022-03-14 19:16:46 status not-installed libctf-nobfd0:amd64 <none>
2022-03-14 19:16:46 status installed libcurl4-openssl-dev:amd64 7.74.0-1.3+deb11u1
2022-03-14 19:16:46 remove libcurl4-openssl-dev:amd64 7.74.0-1.3+deb11u1 <none>
2022-03-14 19:16:46 status half-configured libcurl4-openssl-dev:amd64 7.74.0-1.3+deb11u1
2022-03-14 19:16:46 status half-installed libcurl4-openssl-dev:amd64 7.74.0-1.3+deb11u1
2022-03-14 19:16:47 status config-files libcurl4-openssl-dev:amd64 7.74.0-1.3+deb11u1
2022-03-14 19:16:47 status not-installed libcurl4-openssl-dev:amd64 <none>
2022-03-14 19:16:47 status installed libnghttp2-dev:amd64 1.43.0-1
2022-03-14 19:16:47 remove libnghttp2-dev:amd64 1.43.0-1 <none>
2022-03-14 19:16:47 status half-configured libnghttp2-dev:amd64 1.43.0-1
2022-03-14 19:16:47 status half-installed libnghttp2-dev:amd64 1.43.0-1
2022-03-14 19:16:47 status config-files libnghttp2-dev:amd64 1.43.0-1
2022-03-14 19:16:47 status not-installed libnghttp2-dev:amd64 <none>
2022-03-14 19:16:47 status installed pkg-config:amd64 0.29.2-1
2022-03-14 19:16:47 remove pkg-config:amd64 0.29.2-1 <none>
2022-03-14 19:16:47 status half-configured pkg-config:amd64 0.29.2-1
2022-03-14 19:16:47 status half-installed pkg-config:amd64 0.29.2-1
2022-03-14 19:16:47 status config-files pkg-config:amd64 0.29.2-1
2022-03-14 19:16:47 status installed libdpkg-perl:all 1.20.9
2022-03-14 19:16:47 remove libdpkg-perl:all 1.20.9 <none>
2022-03-14 19:16:47 status half-configured libdpkg-perl:all 1.20.9
2022-03-14 19:16:47 status half-installed libdpkg-perl:all 1.20.9
2022-03-14 19:16:47 status config-files libdpkg-perl:all 1.20.9
2022-03-14 19:16:47 status not-installed libdpkg-perl:all <none>
2022-03-14 19:16:47 status installed libexpat1-dev:amd64 2.2.10-2+deb11u3
2022-03-14 19:16:47 remove libexpat1-dev:amd64 2.2.10-2+deb11u3 <none>
2022-03-14 19:16:47 status half-configured libexpat1-dev:amd64 2.2.10-2+deb11u3
2022-03-14 19:16:47 status half-installed libexpat1-dev:amd64 2.2.10-2+deb11u3
2022-03-14 19:16:47 status config-files libexpat1-dev:amd64 2.2.10-2+deb11u3
2022-03-14 19:16:47 status not-installed libexpat1-dev:amd64 <none>
2022-03-14 19:16:47 status installed perl:amd64 5.32.1-4+deb11u2
2022-03-14 19:16:47 remove perl:amd64 5.32.1-4+deb11u2 <none>
2022-03-14 19:16:47 status half-configured perl:amd64 5.32.1-4+deb11u2
2022-03-14 19:16:47 status half-installed perl:amd64 5.32.1-4+deb11u2
2022-03-14 19:16:47 status config-files perl:amd64 5.32.1-4+deb11u2
2022-03-14 19:16:47 status installed libperl5.32:amd64 5.32.1-4+deb11u2
2022-03-14 19:16:47 remove libperl5.32:amd64 5.32.1-4+deb11u2 <none>
2022-03-14 19:16:47 status half-configured libperl5.32:amd64 5.32.1-4+deb11u2
2022-03-14 19:16:47 status half-installed libperl5.32:amd64 5.32.1-4+deb11u2
2022-03-14 19:16:47 status config-files libperl5.32:amd64 5.32.1-4+deb11u2
2022-03-14 19:16:47 status not-installed libperl5.32:amd64 <none>
2022-03-14 19:16:47 status installed libgdbm-compat4:amd64 1.19-2
2022-03-14 19:16:47 remove libgdbm-compat4:amd64 1.19-2 <none>
2022-03-14 19:16:47 status half-configured libgdbm-compat4:amd64 1.19-2
2022-03-14 19:16:47 status half-installed libgdbm-compat4:amd64 1.19-2
2022-03-14 19:16:47 status config-files libgdbm-compat4:amd64 1.19-2
2022-03-14 19:16:47 status not-installed libgdbm-compat4:amd64 <none>
2022-03-14 19:16:47 status installed libglib2.0-0:amd64 2.66.8-1
2022-03-14 19:16:47 remove libglib2.0-0:amd64 2.66.8-1 <none>
2022-03-14 19:16:47 status half-configured libglib2.0-0:amd64 2.66.8-1
2022-03-14 19:16:47 status half-installed libglib2.0-0:amd64 2.66.8-1
2022-03-14 19:16:47 status config-files libglib2.0-0:amd64 2.66.8-1
2022-03-14 19:16:47 status installed libgomp1:amd64 10.2.1-6
2022-03-14 19:16:47 remove libgomp1:amd64 10.2.1-6 <none>
2022-03-14 19:16:47 status half-configured libgomp1:amd64 10.2.1-6
2022-03-14 19:16:47 status half-installed libgomp1:amd64 10.2.1-6
2022-03-14 19:16:47 status config-files libgomp1:amd64 10.2.1-6
2022-03-14 19:16:47 status not-installed libgomp1:amd64 <none>
2022-03-14 19:16:47 status installed libisl23:amd64 0.23-1
2022-03-14 19:16:47 remove libisl23:amd64 0.23-1 <none>
2022-03-14 19:16:47 status half-configured libisl23:amd64 0.23-1
2022-03-14 19:16:47 status half-installed libisl23:amd64 0.23-1
2022-03-14 19:16:47 status config-files libisl23:amd64 0.23-1
2022-03-14 19:16:47 status not-installed libisl23:amd64 <none>
2022-03-14 19:16:47 status installed libitm1:amd64 10.2.1-6
2022-03-14 19:16:47 remove libitm1:amd64 10.2.1-6 <none>
2022-03-14 19:16:47 status half-configured libitm1:amd64 10.2.1-6
2022-03-14 19:16:47 status half-installed libitm1:amd64 10.2.1-6
2022-03-14 19:16:47 status config-files libitm1:amd64 10.2.1-6
2022-03-14 19:16:47 status not-installed libitm1:amd64 <none>
2022-03-14 19:16:47 status installed libjansson-dev:amd64 2.13.1-1.1
2022-03-14 19:16:47 remove libjansson-dev:amd64 2.13.1-1.1 <none>
2022-03-14 19:16:47 status half-configured libjansson-dev:amd64 2.13.1-1.1
2022-03-14 19:16:47 status half-installed libjansson-dev:amd64 2.13.1-1.1
2022-03-14 19:16:47 status config-files libjansson-dev:amd64 2.13.1-1.1
2022-03-14 19:16:47 status not-installed libjansson-dev:amd64 <none>
2022-03-14 19:16:47 status installed libksba8:amd64 1.5.0-3
2022-03-14 19:16:47 remove libksba8:amd64 1.5.0-3 <none>
2022-03-14 19:16:47 status half-configured libksba8:amd64 1.5.0-3
2022-03-14 19:16:47 status half-installed libksba8:amd64 1.5.0-3
2022-03-14 19:16:47 status config-files libksba8:amd64 1.5.0-3
2022-03-14 19:16:47 status not-installed libksba8:amd64 <none>
2022-03-14 19:16:47 status installed libldap2-dev:amd64 2.4.57+dfsg-3
2022-03-14 19:16:47 remove libldap2-dev:amd64 2.4.57+dfsg-3 <none>
2022-03-14 19:16:47 status half-configured libldap2-dev:amd64 2.4.57+dfsg-3
2022-03-14 19:16:47 status half-installed libldap2-dev:amd64 2.4.57+dfsg-3
2022-03-14 19:16:47 status config-files libldap2-dev:amd64 2.4.57+dfsg-3
2022-03-14 19:16:47 status not-installed libldap2-dev:amd64 <none>
2022-03-14 19:16:47 status installed liblsan0:amd64 10.2.1-6
2022-03-14 19:16:47 remove liblsan0:amd64 10.2.1-6 <none>
2022-03-14 19:16:47 status half-configured liblsan0:amd64 10.2.1-6
2022-03-14 19:16:47 status half-installed liblsan0:amd64 10.2.1-6
2022-03-14 19:16:47 status config-files liblsan0:amd64 10.2.1-6
2022-03-14 19:16:47 status not-installed liblsan0:amd64 <none>
2022-03-14 19:16:47 status installed libmpc3:amd64 1.2.0-1
2022-03-14 19:16:47 remove libmpc3:amd64 1.2.0-1 <none>
2022-03-14 19:16:47 status half-configured libmpc3:amd64 1.2.0-1
2022-03-14 19:16:47 status half-installed libmpc3:amd64 1.2.0-1
2022-03-14 19:16:47 status config-files libmpc3:amd64 1.2.0-1
2022-03-14 19:16:47 status not-installed libmpc3:amd64 <none>
2022-03-14 19:16:47 status installed python3:amd64 3.9.2-3
2022-03-14 19:16:47 remove python3:amd64 3.9.2-3 <none>
2022-03-14 19:16:47 status half-configured python3:amd64 3.9.2-3
2022-03-14 19:16:47 status half-installed python3:amd64 3.9.2-3
2022-03-14 19:16:47 status config-files python3:amd64 3.9.2-3
2022-03-14 19:16:47 status installed python3.9:amd64 3.9.2-1
2022-03-14 19:16:47 remove python3.9:amd64 3.9.2-1 <none>
2022-03-14 19:16:47 status half-configured python3.9:amd64 3.9.2-1
2022-03-14 19:16:47 status half-installed python3.9:amd64 3.9.2-1
2022-03-14 19:16:47 status config-files python3.9:amd64 3.9.2-1
2022-03-14 19:16:47 status not-installed python3.9:amd64 <none>
2022-03-14 19:16:47 status installed libpython3-stdlib:amd64 3.9.2-3
2022-03-14 19:16:47 remove libpython3-stdlib:amd64 3.9.2-3 <none>
2022-03-14 19:16:47 status half-configured libpython3-stdlib:amd64 3.9.2-3
2022-03-14 19:16:47 status half-installed libpython3-stdlib:amd64 3.9.2-3
2022-03-14 19:16:47 status config-files libpython3-stdlib:amd64 3.9.2-3
2022-03-14 19:16:47 status not-installed libpython3-stdlib:amd64 <none>
2022-03-14 19:16:47 status installed libpython3.9-stdlib:amd64 3.9.2-1
2022-03-14 19:16:47 remove libpython3.9-stdlib:amd64 3.9.2-1 <none>
2022-03-14 19:16:47 status half-configured libpython3.9-stdlib:amd64 3.9.2-1
2022-03-14 19:16:47 status half-installed libpython3.9-stdlib:amd64 3.9.2-1
2022-03-14 19:16:47 status config-files libpython3.9-stdlib:amd64 3.9.2-1
2022-03-14 19:16:47 status not-installed libpython3.9-stdlib:amd64 <none>
2022-03-14 19:16:47 status installed libmpdec3:amd64 2.5.1-1
2022-03-14 19:16:47 remove libmpdec3:amd64 2.5.1-1 <none>
2022-03-14 19:16:47 status half-configured libmpdec3:amd64 2.5.1-1
2022-03-14 19:16:47 status half-installed libmpdec3:amd64 2.5.1-1
2022-03-14 19:16:47 status config-files libmpdec3:amd64 2.5.1-1
2022-03-14 19:16:47 status not-installed libmpdec3:amd64 <none>
2022-03-14 19:16:47 status installed libmpfr6:amd64 4.1.0-3
2022-03-14 19:16:47 remove libmpfr6:amd64 4.1.0-3 <none>
2022-03-14 19:16:47 status half-configured libmpfr6:amd64 4.1.0-3
2022-03-14 19:16:47 status half-installed libmpfr6:amd64 4.1.0-3
2022-03-14 19:16:47 status config-files libmpfr6:amd64 4.1.0-3
2022-03-14 19:16:47 status not-installed libmpfr6:amd64 <none>
2022-03-14 19:16:47 status installed libncurses6:amd64 6.2+20201114-2
2022-03-14 19:16:47 remove libncurses6:amd64 6.2+20201114-2 <none>
2022-03-14 19:16:47 status half-configured libncurses6:amd64 6.2+20201114-2
2022-03-14 19:16:47 status half-installed libncurses6:amd64 6.2+20201114-2
2022-03-14 19:16:47 status config-files libncurses6:amd64 6.2+20201114-2
2022-03-14 19:16:47 status not-installed libncurses6:amd64 <none>
2022-03-14 19:16:47 status installed libncursesw6:amd64 6.2+20201114-2
2022-03-14 19:16:47 remove libncursesw6:amd64 6.2+20201114-2 <none>
2022-03-14 19:16:47 status half-configured libncursesw6:amd64 6.2+20201114-2
2022-03-14 19:16:47 status half-installed libncursesw6:amd64 6.2+20201114-2
2022-03-14 19:16:47 status config-files libncursesw6:amd64 6.2+20201114-2
2022-03-14 19:16:47 status not-installed libncursesw6:amd64 <none>
2022-03-14 19:16:47 status installed libnpth0:amd64 1.6-3
2022-03-14 19:16:47 remove libnpth0:amd64 1.6-3 <none>
2022-03-14 19:16:47 status half-configured libnpth0:amd64 1.6-3
2022-03-14 19:16:47 status half-installed libnpth0:amd64 1.6-3
2022-03-14 19:16:47 status config-files libnpth0:amd64 1.6-3
2022-03-14 19:16:47 status not-installed libnpth0:amd64 <none>
2022-03-14 19:16:47 status installed libnsl-dev:amd64 1.3.0-2
2022-03-14 19:16:47 status installed libpcre3-dev:amd64 2:8.39-13
2022-03-14 19:16:47 remove libpcre3-dev:amd64 2:8.39-13 <none>
2022-03-14 19:16:47 status half-configured libpcre3-dev:amd64 2:8.39-13
2022-03-14 19:16:47 status half-installed libpcre3-dev:amd64 2:8.39-13
2022-03-14 19:16:47 status config-files libpcre3-dev:amd64 2:8.39-13
2022-03-14 19:16:47 status not-installed libpcre3-dev:amd64 <none>
2022-03-14 19:16:47 status installed libpcre16-3:amd64 2:8.39-13
2022-03-14 19:16:47 remove libpcre16-3:amd64 2:8.39-13 <none>
2022-03-14 19:16:47 status half-configured libpcre16-3:amd64 2:8.39-13
2022-03-14 19:16:47 status half-installed libpcre16-3:amd64 2:8.39-13
2022-03-14 19:16:47 status config-files libpcre16-3:amd64 2:8.39-13
2022-03-14 19:16:47 status not-installed libpcre16-3:amd64 <none>
2022-03-14 19:16:48 status installed libpcre32-3:amd64 2:8.39-13
2022-03-14 19:16:48 remove libpcre32-3:amd64 2:8.39-13 <none>
2022-03-14 19:16:48 status half-configured libpcre32-3:amd64 2:8.39-13
2022-03-14 19:16:48 status half-installed libpcre32-3:amd64 2:8.39-13
2022-03-14 19:16:48 status config-files libpcre32-3:amd64 2:8.39-13
2022-03-14 19:16:48 status not-installed libpcre32-3:amd64 <none>
2022-03-14 19:16:48 status installed libpcrecpp0v5:amd64 2:8.39-13
2022-03-14 19:16:48 remove libpcrecpp0v5:amd64 2:8.39-13 <none>
2022-03-14 19:16:48 status half-configured libpcrecpp0v5:amd64 2:8.39-13
2022-03-14 19:16:48 status half-installed libpcrecpp0v5:amd64 2:8.39-13
2022-03-14 19:16:48 status config-files libpcrecpp0v5:amd64 2:8.39-13
2022-03-14 19:16:48 status not-installed libpcrecpp0v5:amd64 <none>
2022-03-14 19:16:48 status installed python3-minimal:amd64 3.9.2-3
2022-03-14 19:16:48 remove python3-minimal:amd64 3.9.2-3 <none>
2022-03-14 19:16:48 status half-configured python3-minimal:amd64 3.9.2-3
2022-03-14 19:16:48 status half-installed python3-minimal:amd64 3.9.2-3
2022-03-14 19:16:48 status config-files python3-minimal:amd64 3.9.2-3
2022-03-14 19:16:48 status not-installed python3-minimal:amd64 <none>
2022-03-14 19:16:48 status installed python3.9-minimal:amd64 3.9.2-1
2022-03-14 19:16:48 remove python3.9-minimal:amd64 3.9.2-1 <none>
2022-03-14 19:16:48 status half-configured python3.9-minimal:amd64 3.9.2-1
2022-03-14 19:16:48 status half-installed python3.9-minimal:amd64 3.9.2-1
2022-03-14 19:16:48 status config-files python3.9-minimal:amd64 3.9.2-1
2022-03-14 19:16:48 status installed libpython3.9-minimal:amd64 3.9.2-1
2022-03-14 19:16:48 remove libpython3.9-minimal:amd64 3.9.2-1 <none>
2022-03-14 19:16:48 status half-configured libpython3.9-minimal:amd64 3.9.2-1
2022-03-14 19:16:48 status half-installed libpython3.9-minimal:amd64 3.9.2-1
2022-03-14 19:16:48 status config-files libpython3.9-minimal:amd64 3.9.2-1
2022-03-14 19:16:48 status installed libquadmath0:amd64 10.2.1-6
2022-03-14 19:16:48 remove libquadmath0:amd64 10.2.1-6 <none>
2022-03-14 19:16:48 status half-configured libquadmath0:amd64 10.2.1-6
2022-03-14 19:16:48 status half-installed libquadmath0:amd64 10.2.1-6
2022-03-14 19:16:48 status config-files libquadmath0:amd64 10.2.1-6
2022-03-14 19:16:48 status not-installed libquadmath0:amd64 <none>
2022-03-14 19:16:48 status installed libreadline8:amd64 8.1-1
2022-03-14 19:16:48 remove libreadline8:amd64 8.1-1 <none>
2022-03-14 19:16:48 status half-configured libreadline8:amd64 8.1-1
2022-03-14 19:16:48 status half-installed libreadline8:amd64 8.1-1
2022-03-14 19:16:48 status config-files libreadline8:amd64 8.1-1
2022-03-14 19:16:48 status not-installed libreadline8:amd64 <none>
2022-03-14 19:16:48 status installed libsctp1:amd64 1.0.18+dfsg-1
2022-03-14 19:16:48 remove libsctp1:amd64 1.0.18+dfsg-1 <none>
2022-03-14 19:16:48 status half-configured libsctp1:amd64 1.0.18+dfsg-1
2022-03-14 19:16:48 status half-installed libsctp1:amd64 1.0.18+dfsg-1
2022-03-14 19:16:48 status config-files libsctp1:amd64 1.0.18+dfsg-1
2022-03-14 19:16:48 status not-installed libsctp1:amd64 <none>
2022-03-14 19:16:48 status installed libsqlite3-0:amd64 3.34.1-3
2022-03-14 19:16:48 remove libsqlite3-0:amd64 3.34.1-3 <none>
2022-03-14 19:16:48 status half-configured libsqlite3-0:amd64 3.34.1-3
2022-03-14 19:16:48 status half-installed libsqlite3-0:amd64 3.34.1-3
2022-03-14 19:16:48 status config-files libsqlite3-0:amd64 3.34.1-3
2022-03-14 19:16:48 status not-installed libsqlite3-0:amd64 <none>
2022-03-14 19:16:48 status installed libssl-dev:amd64 1.1.1k-1+deb11u1
2022-03-14 19:16:48 remove libssl-dev:amd64 1.1.1k-1+deb11u1 <none>
2022-03-14 19:16:48 status half-configured libssl-dev:amd64 1.1.1k-1+deb11u1
2022-03-14 19:16:48 status half-installed libssl-dev:amd64 1.1.1k-1+deb11u1
2022-03-14 19:16:48 status config-files libssl-dev:amd64 1.1.1k-1+deb11u1
2022-03-14 19:16:48 status not-installed libssl-dev:amd64 <none>
2022-03-14 19:16:48 status installed libtirpc-dev:amd64 1.3.1-1
2022-03-14 19:16:48 status installed libtsan0:amd64 10.2.1-6
2022-03-14 19:16:48 remove libtsan0:amd64 10.2.1-6 <none>
2022-03-14 19:16:48 status half-configured libtsan0:amd64 10.2.1-6
2022-03-14 19:16:48 status half-installed libtsan0:amd64 10.2.1-6
2022-03-14 19:16:48 status config-files libtsan0:amd64 10.2.1-6
2022-03-14 19:16:48 status not-installed libtsan0:amd64 <none>
2022-03-14 19:16:48 status installed libubsan1:amd64 10.2.1-6
2022-03-14 19:16:48 remove libubsan1:amd64 10.2.1-6 <none>
2022-03-14 19:16:48 status half-configured libubsan1:amd64 10.2.1-6
2022-03-14 19:16:48 status half-installed libubsan1:amd64 10.2.1-6
2022-03-14 19:16:48 status config-files libubsan1:amd64 10.2.1-6
2022-03-14 19:16:48 status not-installed libubsan1:amd64 <none>
2022-03-14 19:16:48 status installed linux-libc-dev:amd64 5.10.103-1
2022-03-14 19:16:48 status installed make:amd64 4.3-4.1
2022-03-14 19:16:48 remove make:amd64 4.3-4.1 <none>
2022-03-14 19:16:48 status half-configured make:amd64 4.3-4.1
2022-03-14 19:16:48 status half-installed make:amd64 4.3-4.1
2022-03-14 19:16:48 status config-files make:amd64 4.3-4.1
2022-03-14 19:16:48 status not-installed make:amd64 <none>
2022-03-14 19:16:48 status installed media-types:all 4.0.0
2022-03-14 19:16:48 remove media-types:all 4.0.0 <none>
2022-03-14 19:16:48 status half-configured media-types:all 4.0.0
2022-03-14 19:16:48 status half-installed media-types:all 4.0.0
2022-03-14 19:16:48 status config-files media-types:all 4.0.0
2022-03-14 19:16:48 status installed openssl:amd64 1.1.1k-1+deb11u1
2022-03-14 19:16:48 remove openssl:amd64 1.1.1k-1+deb11u1 <none>
2022-03-14 19:16:48 status half-configured openssl:amd64 1.1.1k-1+deb11u1
2022-03-14 19:16:48 status half-installed openssl:amd64 1.1.1k-1+deb11u1
2022-03-14 19:16:48 status config-files openssl:amd64 1.1.1k-1+deb11u1
2022-03-14 19:16:48 status installed patch:amd64 2.7.6-7
2022-03-14 19:16:48 remove patch:amd64 2.7.6-7 <none>
2022-03-14 19:16:48 status half-configured patch:amd64 2.7.6-7
2022-03-14 19:16:48 status half-installed patch:amd64 2.7.6-7
2022-03-14 19:16:48 status config-files patch:amd64 2.7.6-7
2022-03-14 19:16:48 status not-installed patch:amd64 <none>
2022-03-14 19:16:48 status installed perl-modules-5.32:all 5.32.1-4+deb11u2
2022-03-14 19:16:48 remove perl-modules-5.32:all 5.32.1-4+deb11u2 <none>
2022-03-14 19:16:48 status half-configured perl-modules-5.32:all 5.32.1-4+deb11u2
2022-03-14 19:16:48 status half-installed perl-modules-5.32:all 5.32.1-4+deb11u2
2022-03-14 19:16:48 status config-files perl-modules-5.32:all 5.32.1-4+deb11u2
2022-03-14 19:16:48 status not-installed perl-modules-5.32:all <none>
2022-03-14 19:16:48 status installed readline-common:all 8.1-1
2022-03-14 19:16:48 remove readline-common:all 8.1-1 <none>
2022-03-14 19:16:48 status half-configured readline-common:all 8.1-1
2022-03-14 19:16:48 status half-installed readline-common:all 8.1-1
2022-03-14 19:16:48 status config-files readline-common:all 8.1-1
2022-03-14 19:16:48 status installed wget:amd64 1.21-1+deb11u1
2022-03-14 19:16:48 remove wget:amd64 1.21-1+deb11u1 <none>
2022-03-14 19:16:48 status half-configured wget:amd64 1.21-1+deb11u1
2022-03-14 19:16:48 status half-installed wget:amd64 1.21-1+deb11u1
2022-03-14 19:16:48 status config-files wget:amd64 1.21-1+deb11u1
2022-03-14 19:16:48 status installed xz-utils:amd64 5.2.5-2
2022-03-14 19:16:48 remove xz-utils:amd64 5.2.5-2 <none>
2022-03-14 19:16:48 status half-configured xz-utils:amd64 5.2.5-2
2022-03-14 19:16:48 status half-installed xz-utils:amd64 5.2.5-2
2022-03-14 19:16:48 status config-files xz-utils:amd64 5.2.5-2
2022-03-14 19:16:48 status not-installed xz-utils:amd64 <none>
2022-03-14 19:16:48 remove libc6-dev:amd64 2.31-13+deb11u2 <none>
2022-03-14 19:16:48 status half-configured libc6-dev:amd64 2.31-13+deb11u2
2022-03-14 19:16:48 status half-installed libc6-dev:amd64 2.31-13+deb11u2
2022-03-14 19:16:48 status config-files libc6-dev:amd64 2.31-13+deb11u2
2022-03-14 19:16:48 status not-installed libc6-dev:amd64 <none>
2022-03-14 19:16:48 remove libc-dev-bin:amd64 2.31-13+deb11u2 <none>
2022-03-14 19:16:48 status half-configured libc-dev-bin:amd64 2.31-13+deb11u2
2022-03-14 19:16:48 status half-installed libc-dev-bin:amd64 2.31-13+deb11u2
2022-03-14 19:16:48 status config-files libc-dev-bin:amd64 2.31-13+deb11u2
2022-03-14 19:16:48 status not-installed libc-dev-bin:amd64 <none>
2022-03-14 19:16:48 remove libcrypt-dev:amd64 1:4.4.18-4 <none>
2022-03-14 19:16:48 status half-configured libcrypt-dev:amd64 1:4.4.18-4
2022-03-14 19:16:48 status half-installed libcrypt-dev:amd64 1:4.4.18-4
2022-03-14 19:16:48 status config-files libcrypt-dev:amd64 1:4.4.18-4
2022-03-14 19:16:48 status not-installed libcrypt-dev:amd64 <none>
2022-03-14 19:16:48 remove libnsl-dev:amd64 1.3.0-2 <none>
2022-03-14 19:16:48 status half-configured libnsl-dev:amd64 1.3.0-2
2022-03-14 19:16:48 status half-installed libnsl-dev:amd64 1.3.0-2
2022-03-14 19:16:48 status config-files libnsl-dev:amd64 1.3.0-2
2022-03-14 19:16:48 status not-installed libnsl-dev:amd64 <none>
2022-03-14 19:16:48 remove libtirpc-dev:amd64 1.3.1-1 <none>
2022-03-14 19:16:48 status half-configured libtirpc-dev:amd64 1.3.1-1
2022-03-14 19:16:48 status half-installed libtirpc-dev:amd64 1.3.1-1
2022-03-14 19:16:48 status config-files libtirpc-dev:amd64 1.3.1-1
2022-03-14 19:16:48 status not-installed libtirpc-dev:amd64 <none>
2022-03-14 19:16:48 remove linux-libc-dev:amd64 5.10.103-1 <none>
2022-03-14 19:16:48 status half-configured linux-libc-dev:amd64 5.10.103-1
2022-03-14 19:16:48 status half-installed linux-libc-dev:amd64 5.10.103-1
2022-03-14 19:16:48 status config-files linux-libc-dev:amd64 5.10.103-1
2022-03-14 19:16:48 status not-installed linux-libc-dev:amd64 <none>
2022-03-14 19:16:48 startup packages configure
2022-03-14 19:16:48 trigproc libc-bin:amd64 2.31-13+deb11u2 <none>
2022-03-14 19:16:48 status half-configured libc-bin:amd64 2.31-13+deb11u2
2022-03-14 19:16:48 status installed libc-bin:amd64 2.31-13+deb11u2
2022-03-14 19:16:48 startup packages purge
2022-03-14 19:16:48 purge media-types:all 4.0.0 <none>
2022-03-14 19:16:48 status config-files media-types:all 4.0.0
2022-03-14 19:16:48 status not-installed media-types:all <none>
2022-03-14 19:16:48 purge gpg-agent:amd64 2.2.27-2 <none>
2022-03-14 19:16:48 status config-files gpg-agent:amd64 2.2.27-2
2022-03-14 19:16:49 status not-installed gpg-agent:amd64 <none>
2022-03-14 19:16:49 purge wget:amd64 1.21-1+deb11u1 <none>
2022-03-14 19:16:49 status config-files wget:amd64 1.21-1+deb11u1
2022-03-14 19:16:49 status not-installed wget:amd64 <none>
2022-03-14 19:16:49 purge libglib2.0-0:amd64 2.66.8-1 <none>
2022-03-14 19:16:49 status config-files libglib2.0-0:amd64 2.66.8-1
2022-03-14 19:16:49 status not-installed libglib2.0-0:amd64 <none>
2022-03-14 19:16:49 purge libpython3.9-minimal:amd64 3.9.2-1 <none>
2022-03-14 19:16:49 status config-files libpython3.9-minimal:amd64 3.9.2-1
2022-03-14 19:16:49 status not-installed libpython3.9-minimal:amd64 <none>
2022-03-14 19:16:49 purge python3:amd64 3.9.2-3 <none>
2022-03-14 19:16:49 status config-files python3:amd64 3.9.2-3
2022-03-14 19:16:49 status not-installed python3:amd64 <none>
2022-03-14 19:16:49 purge dpkg-dev:all 1.20.9 <none>
2022-03-14 19:16:49 status config-files dpkg-dev:all 1.20.9
2022-03-14 19:16:49 status not-installed dpkg-dev:all <none>
2022-03-14 19:16:49 purge dirmngr:amd64 2.2.27-2 <none>
2022-03-14 19:16:49 status config-files dirmngr:amd64 2.2.27-2
2022-03-14 19:16:49 status not-installed dirmngr:amd64 <none>
2022-03-14 19:16:49 purge ca-certificates:all 20210119 <none>
2022-03-14 19:16:49 status config-files ca-certificates:all 20210119
2022-03-14 19:16:49 status not-installed ca-certificates:all <none>
2022-03-14 19:16:49 purge perl:amd64 5.32.1-4+deb11u2 <none>
2022-03-14 19:16:49 status config-files perl:amd64 5.32.1-4+deb11u2
2022-03-14 19:16:49 status not-installed perl:amd64 <none>
2022-03-14 19:16:49 purge pkg-config:amd64 0.29.2-1 <none>
2022-03-14 19:16:49 status config-files pkg-config:amd64 0.29.2-1
2022-03-14 19:16:49 status not-installed pkg-config:amd64 <none>
2022-03-14 19:16:49 purge python3.9-minimal:amd64 3.9.2-1 <none>
2022-03-14 19:16:49 status config-files python3.9-minimal:amd64 3.9.2-1
2022-03-14 19:16:49 status not-installed python3.9-minimal:amd64 <none>
2022-03-14 19:16:49 purge openssl:amd64 1.1.1k-1+deb11u1 <none>
2022-03-14 19:16:49 status config-files openssl:amd64 1.1.1k-1+deb11u1
2022-03-14 19:16:49 status not-installed openssl:amd64 <none>
2022-03-14 19:16:49 purge readline-common:all 8.1-1 <none>
2022-03-14 19:16:49 status config-files readline-common:all 8.1-1
2022-03-14 19:16:49 status not-installed readline-common:all <none>
2022-03-14 19:16:49 startup packages configure
